$ find packages/security .vibe/work/I-18-security-safety-hooks-policy/I-18A-security-policy-package -maxdepth 6 -type f | sort
.vibe/work/I-18-security-safety-hooks-policy/I-18A-security-policy-package/evidence/contracts/contract-negative-summary.json
.vibe/work/I-18-security-safety-hooks-policy/I-18A-security-policy-package/evidence/contracts/contracts-witness.exit
.vibe/work/I-18-security-safety-hooks-policy/I-18A-security-policy-package/evidence/contracts/contracts-witness.stderr
.vibe/work/I-18-security-safety-hooks-policy/I-18A-security-policy-package/evidence/contracts/contracts-witness.stdout
.vibe/work/I-18-security-safety-hooks-policy/I-18A-security-policy-package/evidence/final/dirty-tree-proof.txt
.vibe/work/I-18-security-safety-hooks-policy/I-18A-security-policy-package/evidence/final/required-final-commands.txt
.vibe/work/I-18-security-safety-hooks-policy/I-18A-security-policy-package/evidence/final/scoped-diff.patch
.vibe/work/I-18-security-safety-hooks-policy/I-18A-security-policy-package/evidence/negative/policy-negative-summary.json
.vibe/work/I-18-security-safety-hooks-policy/I-18A-security-policy-package/evidence/positive/policy-positive-summary.json
.vibe/work/I-18-security-safety-hooks-policy/I-18A-security-policy-package/evidence/positive/policy-witness.exit
.vibe/work/I-18-security-safety-hooks-policy/I-18A-security-policy-package/evidence/positive/policy-witness.stderr
.vibe/work/I-18-security-safety-hooks-policy/I-18A-security-policy-package/evidence/positive/policy-witness.stdout
.vibe/work/I-18-security-safety-hooks-policy/I-18A-security-policy-package/evidence/real-boundary/cli-package-context-import/cli-context-import.exit
.vibe/work/I-18-security-safety-hooks-policy/I-18A-security-policy-package/evidence/real-boundary/cli-package-context-import/cli-context-import.stderr
.vibe/work/I-18-security-safety-hooks-policy/I-18A-security-policy-package/evidence/real-boundary/cli-package-context-import/cli-context-import.stdout
.vibe/work/I-18-security-safety-hooks-policy/I-18A-security-policy-package/evidence/real-boundary/cli-package-context-import/cli-package-context-summary.json
.vibe/work/I-18-security-safety-hooks-policy/I-18A-security-policy-package/evidence/real-boundary/cli-package-context-import/witness.exit
.vibe/work/I-18-security-safety-hooks-policy/I-18A-security-policy-package/evidence/real-boundary/cli-package-context-import/witness.stderr
.vibe/work/I-18-security-safety-hooks-policy/I-18A-security-policy-package/evidence/real-boundary/cli-package-context-import/witness.stdout
.vibe/work/I-18-security-safety-hooks-policy/I-18A-security-policy-package/evidence/real-boundary/package-api/package-api-summary.json
.vibe/work/I-18-security-safety-hooks-policy/I-18A-security-policy-package/evidence/real-boundary/package-api/package-context-import.exit
.vibe/work/I-18-security-safety-hooks-policy/I-18A-security-policy-package/evidence/real-boundary/package-api/package-context-import.stderr
.vibe/work/I-18-security-safety-hooks-policy/I-18A-security-policy-package/evidence/real-boundary/package-api/package-context-import.stdout
.vibe/work/I-18-security-safety-hooks-policy/I-18A-security-policy-package/evidence/real-boundary/package-api/witness.exit
.vibe/work/I-18-security-safety-hooks-policy/I-18A-security-policy-package/evidence/real-boundary/package-api/witness.stderr
.vibe/work/I-18-security-safety-hooks-policy/I-18A-security-policy-package/evidence/real-boundary/package-api/witness.stdout
.vibe/work/I-18-security-safety-hooks-policy/I-18A-security-policy-package/evidence/redaction/evidence-leak-scan.txt
.vibe/work/I-18-security-safety-hooks-policy/I-18A-security-policy-package/evidence/redaction/redaction-summary.json
.vibe/work/I-18-security-safety-hooks-policy/I-18A-security-policy-package/evidence/redaction/redaction-witness.exit
.vibe/work/I-18-security-safety-hooks-policy/I-18A-security-policy-package/evidence/redaction/redaction-witness.stderr
.vibe/work/I-18-security-safety-hooks-policy/I-18A-security-policy-package/evidence/redaction/redaction-witness.stdout
.vibe/work/I-18-security-safety-hooks-policy/I-18A-security-policy-package/evidence/regression/manifest-lock-cli-immutability.txt
.vibe/work/I-18-security-safety-hooks-policy/I-18A-security-policy-package/evidence/regression/top-level-testing-dependency-sweep.json
.vibe/work/I-18-security-safety-hooks-policy/I-18A-security-policy-package/fifth-fix-evidence/baseline/find-owned-files.exit
.vibe/work/I-18-security-safety-hooks-policy/I-18A-security-policy-package/fifth-fix-evidence/baseline/find-owned-files.stderr
.vibe/work/I-18-security-safety-hooks-policy/I-18A-security-policy-package/fifth-fix-evidence/baseline/find-owned-files.stdout
.vibe/work/I-18-security-safety-hooks-policy/I-18A-security-policy-package/fifth-fix-evidence/baseline/git-diff-owned.exit
.vibe/work/I-18-security-safety-hooks-policy/I-18A-security-policy-package/fifth-fix-evidence/baseline/git-diff-owned.stderr
.vibe/work/I-18-security-safety-hooks-policy/I-18A-security-policy-package/fifth-fix-evidence/baseline/git-diff-owned.stdout
.vibe/work/I-18-security-safety-hooks-policy/I-18A-security-policy-package/fifth-fix-evidence/baseline/git-status-short.exit
.vibe/work/I-18-security-safety-hooks-policy/I-18A-security-policy-package/fifth-fix-evidence/baseline/git-status-short.stderr
.vibe/work/I-18-security-safety-hooks-policy/I-18A-security-policy-package/fifth-fix-evidence/baseline/git-status-short.stdout
.vibe/work/I-18-security-safety-hooks-policy/I-18A-security-policy-package/fifth-fix-evidence/blast-radius/i18b-default-cli-claim-scan.exit
.vibe/work/I-18-security-safety-hooks-policy/I-18A-security-policy-package/fifth-fix-evidence/blast-radius/i18b-default-cli-claim-scan.stderr
.vibe/work/I-18-security-safety-hooks-policy/I-18A-security-policy-package/fifth-fix-evidence/blast-radius/i18b-default-cli-claim-scan.stdout
.vibe/work/I-18-security-safety-hooks-policy/I-18A-security-policy-package/fifth-fix-evidence/blast-radius/top-level-testing-dependency-sweep.exit
.vibe/work/I-18-security-safety-hooks-policy/I-18A-security-policy-package/fifth-fix-evidence/blast-radius/top-level-testing-dependency-sweep.stderr
.vibe/work/I-18-security-safety-hooks-policy/I-18A-security-policy-package/fifth-fix-evidence/blast-radius/top-level-testing-dependency-sweep.stdout
.vibe/work/I-18-security-safety-hooks-policy/I-18A-security-policy-package/fifth-fix-evidence/blast-radius/unauthorized-surface-regression.exit
.vibe/work/I-18-security-safety-hooks-policy/I-18A-security-policy-package/fifth-fix-evidence/blast-radius/unauthorized-surface-regression.stderr
.vibe/work/I-18-security-safety-hooks-policy/I-18A-security-policy-package/fifth-fix-evidence/blast-radius/unauthorized-surface-regression.stdout
.vibe/work/I-18-security-safety-hooks-policy/I-18A-security-policy-package/fifth-fix-evidence/final/exit-code-summary.txt
.vibe/work/I-18-security-safety-hooks-policy/I-18A-security-policy-package/fifth-fix-evidence/final/git-status-short.exit
.vibe/work/I-18-security-safety-hooks-policy/I-18A-security-policy-package/fifth-fix-evidence/final/git-status-short.stderr
.vibe/work/I-18-security-safety-hooks-policy/I-18A-security-policy-package/fifth-fix-evidence/final/git-status-short.stdout
.vibe/work/I-18-security-safety-hooks-policy/I-18A-security-policy-package/fifth-fix-evidence/final/owned-paths-after.exit
.vibe/work/I-18-security-safety-hooks-policy/I-18A-security-policy-package/fifth-fix-evidence/final/owned-paths-after.stderr
.vibe/work/I-18-security-safety-hooks-policy/I-18A-security-policy-package/fifth-fix-evidence/final/owned-paths-after.stdout
.vibe/work/I-18-security-safety-hooks-policy/I-18A-security-policy-package/fifth-fix-evidence/final/scoped-diff.exit
.vibe/work/I-18-security-safety-hooks-policy/I-18A-security-policy-package/fifth-fix-evidence/final/scoped-diff.stderr
.vibe/work/I-18-security-safety-hooks-policy/I-18A-security-policy-package/fifth-fix-evidence/final/scoped-diff.stdout
.vibe/work/I-18-security-safety-hooks-policy/I-18A-security-policy-package/fifth-fix-evidence/negative/fifth-fix-command-carriers-summary.json
.vibe/work/I-18-security-safety-hooks-policy/I-18A-security-policy-package/fifth-fix-evidence/negative/fifth-fix-command-carriers-witness.exit
.vibe/work/I-18-security-safety-hooks-policy/I-18A-security-policy-package/fifth-fix-evidence/negative/fifth-fix-command-carriers-witness.stderr
.vibe/work/I-18-security-safety-hooks-policy/I-18A-security-policy-package/fifth-fix-evidence/negative/fifth-fix-command-carriers-witness.stdout
.vibe/work/I-18-security-safety-hooks-policy/I-18A-security-policy-package/fifth-fix-evidence/negative/fifth-fix-regression-witness-summary.json
.vibe/work/I-18-security-safety-hooks-policy/I-18A-security-policy-package/fifth-fix-evidence/negative/fifth-fix-regression-witness.exit
.vibe/work/I-18-security-safety-hooks-policy/I-18A-security-policy-package/fifth-fix-evidence/negative/fifth-fix-regression-witness.mjs
.vibe/work/I-18-security-safety-hooks-policy/I-18A-security-policy-package/fifth-fix-evidence/negative/fifth-fix-regression-witness.stderr
.vibe/work/I-18-security-safety-hooks-policy/I-18A-security-policy-package/fifth-fix-evidence/negative/fifth-fix-regression-witness.stdout
.vibe/work/I-18-security-safety-hooks-policy/I-18A-security-policy-package/fifth-fix-evidence/real-boundary/cli-package-context-import/cli-context-import.exit
.vibe/work/I-18-security-safety-hooks-policy/I-18A-security-policy-package/fifth-fix-evidence/real-boundary/cli-package-context-import/cli-context-import.stderr
.vibe/work/I-18-security-safety-hooks-policy/I-18A-security-policy-package/fifth-fix-evidence/real-boundary/cli-package-context-import/cli-context-import.stdout
.vibe/work/I-18-security-safety-hooks-policy/I-18A-security-policy-package/fifth-fix-evidence/real-boundary/cli-package-context-import/witness.exit
.vibe/work/I-18-security-safety-hooks-policy/I-18A-security-policy-package/fifth-fix-evidence/real-boundary/cli-package-context-import/witness.stderr
.vibe/work/I-18-security-safety-hooks-policy/I-18A-security-policy-package/fifth-fix-evidence/real-boundary/cli-package-context-import/witness.stdout
.vibe/work/I-18-security-safety-hooks-policy/I-18A-security-policy-package/fifth-fix-evidence/real-boundary/fifth-command-carrier-context-summary.json
.vibe/work/I-18-security-safety-hooks-policy/I-18A-security-policy-package/fifth-fix-evidence/real-boundary/fifth-command-carrier-contexts.exit
.vibe/work/I-18-security-safety-hooks-policy/I-18A-security-policy-package/fifth-fix-evidence/real-boundary/fifth-command-carrier-contexts.stderr
.vibe/work/I-18-security-safety-hooks-policy/I-18A-security-policy-package/fifth-fix-evidence/real-boundary/fifth-command-carrier-contexts.stdout
.vibe/work/I-18-security-safety-hooks-policy/I-18A-security-policy-package/fifth-fix-evidence/real-boundary/package-api/package-context-import.exit
.vibe/work/I-18-security-safety-hooks-policy/I-18A-security-policy-package/fifth-fix-evidence/real-boundary/package-api/package-context-import.stderr
.vibe/work/I-18-security-safety-hooks-policy/I-18A-security-policy-package/fifth-fix-evidence/real-boundary/package-api/package-context-import.stdout
.vibe/work/I-18-security-safety-hooks-policy/I-18A-security-policy-package/fifth-fix-evidence/real-boundary/package-api/witness.exit
.vibe/work/I-18-security-safety-hooks-policy/I-18A-security-policy-package/fifth-fix-evidence/real-boundary/package-api/witness.stderr
.vibe/work/I-18-security-safety-hooks-policy/I-18A-security-policy-package/fifth-fix-evidence/real-boundary/package-api/witness.stdout
.vibe/work/I-18-security-safety-hooks-policy/I-18A-security-policy-package/fifth-fix-evidence/redaction/generated-output-sentinel-scan.exit
.vibe/work/I-18-security-safety-hooks-policy/I-18A-security-policy-package/fifth-fix-evidence/redaction/generated-output-sentinel-scan.stderr
.vibe/work/I-18-security-safety-hooks-policy/I-18A-security-policy-package/fifth-fix-evidence/redaction/generated-output-sentinel-scan.stdout
.vibe/work/I-18-security-safety-hooks-policy/I-18A-security-policy-package/fifth-fix-evidence/regression/default-security-command.exit
.vibe/work/I-18-security-safety-hooks-policy/I-18A-security-policy-package/fifth-fix-evidence/regression/default-security-command.stderr
.vibe/work/I-18-security-safety-hooks-policy/I-18A-security-policy-package/fifth-fix-evidence/regression/default-security-command.stdout
.vibe/work/I-18-security-safety-hooks-policy/I-18A-security-policy-package/fifth-fix-evidence/source/changed-source-lines.exit
.vibe/work/I-18-security-safety-hooks-policy/I-18A-security-policy-package/fifth-fix-evidence/source/changed-source-lines.stderr
.vibe/work/I-18-security-safety-hooks-policy/I-18A-security-policy-package/fifth-fix-evidence/source/changed-source-lines.stdout
.vibe/work/I-18-security-safety-hooks-policy/I-18A-security-policy-package/fifth-fix-evidence/syntax/node-check-cli-context-witness.exit
.vibe/work/I-18-security-safety-hooks-policy/I-18A-security-policy-package/fifth-fix-evidence/syntax/node-check-cli-context-witness.stderr
.vibe/work/I-18-security-safety-hooks-policy/I-18A-security-policy-package/fifth-fix-evidence/syntax/node-check-cli-context-witness.stdout
.vibe/work/I-18-security-safety-hooks-policy/I-18A-security-policy-package/fifth-fix-evidence/syntax/node-check-contracts-witness.exit
.vibe/work/I-18-security-safety-hooks-policy/I-18A-security-policy-package/fifth-fix-evidence/syntax/node-check-contracts-witness.stderr
.vibe/work/I-18-security-safety-hooks-policy/I-18A-security-policy-package/fifth-fix-evidence/syntax/node-check-contracts-witness.stdout
.vibe/work/I-18-security-safety-hooks-policy/I-18A-security-policy-package/fifth-fix-evidence/syntax/node-check-fifth-command-carrier-witness.exit
.vibe/work/I-18-security-safety-hooks-policy/I-18A-security-policy-package/fifth-fix-evidence/syntax/node-check-fifth-command-carrier-witness.stderr
.vibe/work/I-18-security-safety-hooks-policy/I-18A-security-policy-package/fifth-fix-evidence/syntax/node-check-fifth-command-carrier-witness.stdout
.vibe/work/I-18-security-safety-hooks-policy/I-18A-security-policy-package/fifth-fix-evidence/syntax/node-check-fifth-real-boundary-witness.exit
.vibe/work/I-18-security-safety-hooks-policy/I-18A-security-policy-package/fifth-fix-evidence/syntax/node-check-fifth-real-boundary-witness.stderr
.vibe/work/I-18-security-safety-hooks-policy/I-18A-security-policy-package/fifth-fix-evidence/syntax/node-check-fifth-real-boundary-witness.stdout
.vibe/work/I-18-security-safety-hooks-policy/I-18A-security-policy-package/fifth-fix-evidence/syntax/node-check-fifth-regression-witness.exit
.vibe/work/I-18-security-safety-hooks-policy/I-18A-security-policy-package/fifth-fix-evidence/syntax/node-check-fifth-regression-witness.stderr
.vibe/work/I-18-security-safety-hooks-policy/I-18A-security-policy-package/fifth-fix-evidence/syntax/node-check-fifth-regression-witness.stdout
.vibe/work/I-18-security-safety-hooks-policy/I-18A-security-policy-package/fifth-fix-evidence/syntax/node-check-index.exit
.vibe/work/I-18-security-safety-hooks-policy/I-18A-security-policy-package/fifth-fix-evidence/syntax/node-check-index.stderr
.vibe/work/I-18-security-safety-hooks-policy/I-18A-security-policy-package/fifth-fix-evidence/syntax/node-check-index.stdout
.vibe/work/I-18-security-safety-hooks-policy/I-18A-security-policy-package/fifth-fix-evidence/syntax/node-check-package-api-witness.exit
.vibe/work/I-18-security-safety-hooks-policy/I-18A-security-policy-package/fifth-fix-evidence/syntax/node-check-package-api-witness.stderr
.vibe/work/I-18-security-safety-hooks-policy/I-18A-security-policy-package/fifth-fix-evidence/syntax/node-check-package-api-witness.stdout
.vibe/work/I-18-security-safety-hooks-policy/I-18A-security-policy-package/fifth-fix-evidence/syntax/node-check-policy-witness.exit
.vibe/work/I-18-security-safety-hooks-policy/I-18A-security-policy-package/fifth-fix-evidence/syntax/node-check-policy-witness.stderr
.vibe/work/I-18-security-safety-hooks-policy/I-18A-security-policy-package/fifth-fix-evidence/syntax/node-check-policy-witness.stdout
.vibe/work/I-18-security-safety-hooks-policy/I-18A-security-policy-package/fifth-fix-evidence/syntax/node-check-redaction-witness.exit
.vibe/work/I-18-security-safety-hooks-policy/I-18A-security-policy-package/fifth-fix-evidence/syntax/node-check-redaction-witness.stderr
.vibe/work/I-18-security-safety-hooks-policy/I-18A-security-policy-package/fifth-fix-evidence/syntax/node-check-redaction-witness.stdout
.vibe/work/I-18-security-safety-hooks-policy/I-18A-security-policy-package/fifth-fix-evidence/witnesses/contracts-witness.exit
.vibe/work/I-18-security-safety-hooks-policy/I-18A-security-policy-package/fifth-fix-evidence/witnesses/contracts-witness.stderr
.vibe/work/I-18-security-safety-hooks-policy/I-18A-security-policy-package/fifth-fix-evidence/witnesses/contracts-witness.stdout
.vibe/work/I-18-security-safety-hooks-policy/I-18A-security-policy-package/fifth-fix-evidence/witnesses/policy-witness.exit
.vibe/work/I-18-security-safety-hooks-policy/I-18A-security-policy-package/fifth-fix-evidence/witnesses/policy-witness.stderr
.vibe/work/I-18-security-safety-hooks-policy/I-18A-security-policy-package/fifth-fix-evidence/witnesses/policy-witness.stdout
.vibe/work/I-18-security-safety-hooks-policy/I-18A-security-policy-package/fifth-fix-evidence/witnesses/redaction-witness.exit
.vibe/work/I-18-security-safety-hooks-policy/I-18A-security-policy-package/fifth-fix-evidence/witnesses/redaction-witness.stderr
.vibe/work/I-18-security-safety-hooks-policy/I-18A-security-policy-package/fifth-fix-evidence/witnesses/redaction-witness.stdout
.vibe/work/I-18-security-safety-hooks-policy/I-18A-security-policy-package/fix-baseline-git-status.txt
.vibe/work/I-18-security-safety-hooks-policy/I-18A-security-policy-package/fix-baseline-owned-paths.txt
.vibe/work/I-18-security-safety-hooks-policy/I-18A-security-policy-package/fix-evidence/adversarial-validation-witness.exit
.vibe/work/I-18-security-safety-hooks-policy/I-18A-security-policy-package/fix-evidence/adversarial-validation-witness.stderr
.vibe/work/I-18-security-safety-hooks-policy/I-18A-security-policy-package/fix-evidence/adversarial-validation-witness.stdout
.vibe/work/I-18-security-safety-hooks-policy/I-18A-security-policy-package/fix-evidence/cli-context-import.exit
.vibe/work/I-18-security-safety-hooks-policy/I-18A-security-policy-package/fix-evidence/cli-context-import.stderr
.vibe/work/I-18-security-safety-hooks-policy/I-18A-security-policy-package/fix-evidence/cli-context-import.stdout
.vibe/work/I-18-security-safety-hooks-policy/I-18A-security-policy-package/fix-evidence/cli-context-witness.exit
.vibe/work/I-18-security-safety-hooks-policy/I-18A-security-policy-package/fix-evidence/cli-context-witness.stderr
.vibe/work/I-18-security-safety-hooks-policy/I-18A-security-policy-package/fix-evidence/cli-context-witness.stdout
.vibe/work/I-18-security-safety-hooks-policy/I-18A-security-policy-package/fix-evidence/contracts-witness.exit
.vibe/work/I-18-security-safety-hooks-policy/I-18A-security-policy-package/fix-evidence/contracts-witness.stderr
.vibe/work/I-18-security-safety-hooks-policy/I-18A-security-policy-package/fix-evidence/contracts-witness.stdout
.vibe/work/I-18-security-safety-hooks-policy/I-18A-security-policy-package/fix-evidence/final/git-status-short.txt
.vibe/work/I-18-security-safety-hooks-policy/I-18A-security-policy-package/fix-evidence/final/owned-paths-after.txt
.vibe/work/I-18-security-safety-hooks-policy/I-18A-security-policy-package/fix-evidence/final/scoped-diff.patch
.vibe/work/I-18-security-safety-hooks-policy/I-18A-security-policy-package/fix-evidence/node-checks.exit
.vibe/work/I-18-security-safety-hooks-policy/I-18A-security-policy-package/fix-evidence/node-checks.stderr
.vibe/work/I-18-security-safety-hooks-policy/I-18A-security-policy-package/fix-evidence/node-checks.stdout
.vibe/work/I-18-security-safety-hooks-policy/I-18A-security-policy-package/fix-evidence/package-api-witness.exit
.vibe/work/I-18-security-safety-hooks-policy/I-18A-security-policy-package/fix-evidence/package-api-witness.stderr
.vibe/work/I-18-security-safety-hooks-policy/I-18A-security-policy-package/fix-evidence/package-api-witness.stdout
.vibe/work/I-18-security-safety-hooks-policy/I-18A-security-policy-package/fix-evidence/package-context-import.exit
.vibe/work/I-18-security-safety-hooks-policy/I-18A-security-policy-package/fix-evidence/package-context-import.stderr
.vibe/work/I-18-security-safety-hooks-policy/I-18A-security-policy-package/fix-evidence/package-context-import.stdout
.vibe/work/I-18-security-safety-hooks-policy/I-18A-security-policy-package/fix-evidence/policy-witness.exit
.vibe/work/I-18-security-safety-hooks-policy/I-18A-security-policy-package/fix-evidence/policy-witness.stderr
.vibe/work/I-18-security-safety-hooks-policy/I-18A-security-policy-package/fix-evidence/policy-witness.stdout
.vibe/work/I-18-security-safety-hooks-policy/I-18A-security-policy-package/fix-evidence/redaction-sentinel-scan.txt
.vibe/work/I-18-security-safety-hooks-policy/I-18A-security-policy-package/fix-evidence/redaction-witness.exit
.vibe/work/I-18-security-safety-hooks-policy/I-18A-security-policy-package/fix-evidence/redaction-witness.stderr
.vibe/work/I-18-security-safety-hooks-policy/I-18A-security-policy-package/fix-evidence/redaction-witness.stdout
.vibe/work/I-18-security-safety-hooks-policy/I-18A-security-policy-package/fourth-fix-evidence/baseline/git-status-short.exit
.vibe/work/I-18-security-safety-hooks-policy/I-18A-security-policy-package/fourth-fix-evidence/baseline/git-status-short.stderr
.vibe/work/I-18-security-safety-hooks-policy/I-18A-security-policy-package/fourth-fix-evidence/baseline/git-status-short.stdout
.vibe/work/I-18-security-safety-hooks-policy/I-18A-security-policy-package/fourth-fix-evidence/baseline/owned-paths-before.exit
.vibe/work/I-18-security-safety-hooks-policy/I-18A-security-policy-package/fourth-fix-evidence/baseline/owned-paths-before.stderr
.vibe/work/I-18-security-safety-hooks-policy/I-18A-security-policy-package/fourth-fix-evidence/baseline/owned-paths-before.stdout
.vibe/work/I-18-security-safety-hooks-policy/I-18A-security-policy-package/fourth-fix-evidence/baseline/scoped-diff-before.exit
.vibe/work/I-18-security-safety-hooks-policy/I-18A-security-policy-package/fourth-fix-evidence/baseline/scoped-diff-before.stderr
.vibe/work/I-18-security-safety-hooks-policy/I-18A-security-policy-package/fourth-fix-evidence/baseline/scoped-diff-before.stdout
.vibe/work/I-18-security-safety-hooks-policy/I-18A-security-policy-package/fourth-fix-evidence/final/exit-code-summary.exit
.vibe/work/I-18-security-safety-hooks-policy/I-18A-security-policy-package/fourth-fix-evidence/final/exit-code-summary.stderr
.vibe/work/I-18-security-safety-hooks-policy/I-18A-security-policy-package/fourth-fix-evidence/final/exit-code-summary.txt
.vibe/work/I-18-security-safety-hooks-policy/I-18A-security-policy-package/fourth-fix-evidence/final/git-status-short.exit
.vibe/work/I-18-security-safety-hooks-policy/I-18A-security-policy-package/fourth-fix-evidence/final/git-status-short.stderr
.vibe/work/I-18-security-safety-hooks-policy/I-18A-security-policy-package/fourth-fix-evidence/final/git-status-short.stdout
.vibe/work/I-18-security-safety-hooks-policy/I-18A-security-policy-package/fourth-fix-evidence/final/owned-paths-after.exit
.vibe/work/I-18-security-safety-hooks-policy/I-18A-security-policy-package/fourth-fix-evidence/final/owned-paths-after.stderr
.vibe/work/I-18-security-safety-hooks-policy/I-18A-security-policy-package/fourth-fix-evidence/final/owned-paths-after.stdout
.vibe/work/I-18-security-safety-hooks-policy/I-18A-security-policy-package/fourth-fix-evidence/final/scoped-diff.exit
.vibe/work/I-18-security-safety-hooks-policy/I-18A-security-policy-package/fourth-fix-evidence/final/scoped-diff.stderr
.vibe/work/I-18-security-safety-hooks-policy/I-18A-security-policy-package/fourth-fix-evidence/final/scoped-diff.stdout
.vibe/work/I-18-security-safety-hooks-policy/I-18A-security-policy-package/fourth-fix-evidence/negative/fourth-fix-command-carriers-summary.json
.vibe/work/I-18-security-safety-hooks-policy/I-18A-security-policy-package/fourth-fix-evidence/negative/fourth-fix-command-carriers-witness.exit
.vibe/work/I-18-security-safety-hooks-policy/I-18A-security-policy-package/fourth-fix-evidence/negative/fourth-fix-command-carriers-witness.stderr
.vibe/work/I-18-security-safety-hooks-policy/I-18A-security-policy-package/fourth-fix-evidence/negative/fourth-fix-command-carriers-witness.stdout
.vibe/work/I-18-security-safety-hooks-policy/I-18A-security-policy-package/fourth-fix-evidence/negative/fourth-fix-regression-witness-summary.json
.vibe/work/I-18-security-safety-hooks-policy/I-18A-security-policy-package/fourth-fix-evidence/negative/fourth-fix-regression-witness.exit
.vibe/work/I-18-security-safety-hooks-policy/I-18A-security-policy-package/fourth-fix-evidence/negative/fourth-fix-regression-witness.mjs
.vibe/work/I-18-security-safety-hooks-policy/I-18A-security-policy-package/fourth-fix-evidence/negative/fourth-fix-regression-witness.stderr
.vibe/work/I-18-security-safety-hooks-policy/I-18A-security-policy-package/fourth-fix-evidence/negative/fourth-fix-regression-witness.stdout
.vibe/work/I-18-security-safety-hooks-policy/I-18A-security-policy-package/fourth-fix-evidence/real-boundary/cli-package-context-import/cli-context-import.exit
.vibe/work/I-18-security-safety-hooks-policy/I-18A-security-policy-package/fourth-fix-evidence/real-boundary/cli-package-context-import/cli-context-import.stderr
.vibe/work/I-18-security-safety-hooks-policy/I-18A-security-policy-package/fourth-fix-evidence/real-boundary/cli-package-context-import/cli-context-import.stdout
.vibe/work/I-18-security-safety-hooks-policy/I-18A-security-policy-package/fourth-fix-evidence/real-boundary/cli-package-context-import/fourth-command-carrier-cli-context.exit
.vibe/work/I-18-security-safety-hooks-policy/I-18A-security-policy-package/fourth-fix-evidence/real-boundary/cli-package-context-import/fourth-command-carrier-cli-context.stderr
.vibe/work/I-18-security-safety-hooks-policy/I-18A-security-policy-package/fourth-fix-evidence/real-boundary/cli-package-context-import/fourth-command-carrier-cli-context.stdout
.vibe/work/I-18-security-safety-hooks-policy/I-18A-security-policy-package/fourth-fix-evidence/real-boundary/cli-package-context-import/witness.exit
.vibe/work/I-18-security-safety-hooks-policy/I-18A-security-policy-package/fourth-fix-evidence/real-boundary/cli-package-context-import/witness.stderr
.vibe/work/I-18-security-safety-hooks-policy/I-18A-security-policy-package/fourth-fix-evidence/real-boundary/cli-package-context-import/witness.stdout
.vibe/work/I-18-security-safety-hooks-policy/I-18A-security-policy-package/fourth-fix-evidence/real-boundary/package-api/fourth-command-carrier-public-import.exit
.vibe/work/I-18-security-safety-hooks-policy/I-18A-security-policy-package/fourth-fix-evidence/real-boundary/package-api/fourth-command-carrier-public-import.stderr
.vibe/work/I-18-security-safety-hooks-policy/I-18A-security-policy-package/fourth-fix-evidence/real-boundary/package-api/fourth-command-carrier-public-import.stdout
.vibe/work/I-18-security-safety-hooks-policy/I-18A-security-policy-package/fourth-fix-evidence/real-boundary/package-api/package-context-import.exit
.vibe/work/I-18-security-safety-hooks-policy/I-18A-security-policy-package/fourth-fix-evidence/real-boundary/package-api/package-context-import.stderr
.vibe/work/I-18-security-safety-hooks-policy/I-18A-security-policy-package/fourth-fix-evidence/real-boundary/package-api/package-context-import.stdout
.vibe/work/I-18-security-safety-hooks-policy/I-18A-security-policy-package/fourth-fix-evidence/real-boundary/package-api/witness.exit
.vibe/work/I-18-security-safety-hooks-policy/I-18A-security-policy-package/fourth-fix-evidence/real-boundary/package-api/witness.stderr
.vibe/work/I-18-security-safety-hooks-policy/I-18A-security-policy-package/fourth-fix-evidence/real-boundary/package-api/witness.stdout
.vibe/work/I-18-security-safety-hooks-policy/I-18A-security-policy-package/fourth-fix-evidence/regression/default-security-command.exit
.vibe/work/I-18-security-safety-hooks-policy/I-18A-security-policy-package/fourth-fix-evidence/regression/default-security-command.stderr
.vibe/work/I-18-security-safety-hooks-policy/I-18A-security-policy-package/fourth-fix-evidence/regression/default-security-command.stdout
.vibe/work/I-18-security-safety-hooks-policy/I-18A-security-policy-package/fourth-fix-evidence/regression/generated-output-sentinel-scan.exit
.vibe/work/I-18-security-safety-hooks-policy/I-18A-security-policy-package/fourth-fix-evidence/regression/generated-output-sentinel-scan.stderr
.vibe/work/I-18-security-safety-hooks-policy/I-18A-security-policy-package/fourth-fix-evidence/regression/generated-output-sentinel-scan.stdout
.vibe/work/I-18-security-safety-hooks-policy/I-18A-security-policy-package/fourth-fix-evidence/regression/top-level-testing-dependency-sweep.exit
.vibe/work/I-18-security-safety-hooks-policy/I-18A-security-policy-package/fourth-fix-evidence/regression/top-level-testing-dependency-sweep.stderr
.vibe/work/I-18-security-safety-hooks-policy/I-18A-security-policy-package/fourth-fix-evidence/regression/top-level-testing-dependency-sweep.stdout
.vibe/work/I-18-security-safety-hooks-policy/I-18A-security-policy-package/fourth-fix-evidence/regression/unauthorized-surface-regression.exit
.vibe/work/I-18-security-safety-hooks-policy/I-18A-security-policy-package/fourth-fix-evidence/regression/unauthorized-surface-regression.stderr
.vibe/work/I-18-security-safety-hooks-policy/I-18A-security-policy-package/fourth-fix-evidence/regression/unauthorized-surface-regression.stdout
.vibe/work/I-18-security-safety-hooks-policy/I-18A-security-policy-package/fourth-fix-evidence/source/changed-source-lines.exit
.vibe/work/I-18-security-safety-hooks-policy/I-18A-security-policy-package/fourth-fix-evidence/source/changed-source-lines.stderr
.vibe/work/I-18-security-safety-hooks-policy/I-18A-security-policy-package/fourth-fix-evidence/source/changed-source-lines.stdout
.vibe/work/I-18-security-safety-hooks-policy/I-18A-security-policy-package/fourth-fix-evidence/syntax/fourth-fix-regression-witness-check.exit
.vibe/work/I-18-security-safety-hooks-policy/I-18A-security-policy-package/fourth-fix-evidence/syntax/fourth-fix-regression-witness-check.stderr
.vibe/work/I-18-security-safety-hooks-policy/I-18A-security-policy-package/fourth-fix-evidence/syntax/fourth-fix-regression-witness-check.stdout
.vibe/work/I-18-security-safety-hooks-policy/I-18A-security-policy-package/fourth-fix-evidence/syntax/node-checks.exit
.vibe/work/I-18-security-safety-hooks-policy/I-18A-security-policy-package/fourth-fix-evidence/syntax/node-checks.stderr
.vibe/work/I-18-security-safety-hooks-policy/I-18A-security-policy-package/fourth-fix-evidence/syntax/node-checks.stdout
.vibe/work/I-18-security-safety-hooks-policy/I-18A-security-policy-package/fourth-fix-evidence/witnesses/contracts-witness.exit
.vibe/work/I-18-security-safety-hooks-policy/I-18A-security-policy-package/fourth-fix-evidence/witnesses/contracts-witness.stderr
.vibe/work/I-18-security-safety-hooks-policy/I-18A-security-policy-package/fourth-fix-evidence/witnesses/contracts-witness.stdout
.vibe/work/I-18-security-safety-hooks-policy/I-18A-security-policy-package/fourth-fix-evidence/witnesses/policy-witness.exit
.vibe/work/I-18-security-safety-hooks-policy/I-18A-security-policy-package/fourth-fix-evidence/witnesses/policy-witness.stderr
.vibe/work/I-18-security-safety-hooks-policy/I-18A-security-policy-package/fourth-fix-evidence/witnesses/policy-witness.stdout
.vibe/work/I-18-security-safety-hooks-policy/I-18A-security-policy-package/fourth-fix-evidence/witnesses/redaction-witness.exit
.vibe/work/I-18-security-safety-hooks-policy/I-18A-security-policy-package/fourth-fix-evidence/witnesses/redaction-witness.stderr
.vibe/work/I-18-security-safety-hooks-policy/I-18A-security-policy-package/fourth-fix-evidence/witnesses/redaction-witness.stdout
.vibe/work/I-18-security-safety-hooks-policy/I-18A-security-policy-package/fourth-post-fix-revalidation-evidence/api/cli-context.exit
.vibe/work/I-18-security-safety-hooks-policy/I-18A-security-policy-package/fourth-post-fix-revalidation-evidence/api/cli-context.stderr
.vibe/work/I-18-security-safety-hooks-policy/I-18A-security-policy-package/fourth-post-fix-revalidation-evidence/api/cli-context.stdout
.vibe/work/I-18-security-safety-hooks-policy/I-18A-security-policy-package/fourth-post-fix-revalidation-evidence/api/package-context.exit
.vibe/work/I-18-security-safety-hooks-policy/I-18A-security-policy-package/fourth-post-fix-revalidation-evidence/api/package-context.stderr
.vibe/work/I-18-security-safety-hooks-policy/I-18A-security-policy-package/fourth-post-fix-revalidation-evidence/api/package-context.stdout
.vibe/work/I-18-security-safety-hooks-policy/I-18A-security-policy-package/fourth-post-fix-revalidation-evidence/blast-radius/cli-loader-entry-list.exit
.vibe/work/I-18-security-safety-hooks-policy/I-18A-security-policy-package/fourth-post-fix-revalidation-evidence/blast-radius/cli-loader-entry-list.stderr
.vibe/work/I-18-security-safety-hooks-policy/I-18A-security-policy-package/fourth-post-fix-revalidation-evidence/blast-radius/cli-loader-entry-list.stdout
.vibe/work/I-18-security-safety-hooks-policy/I-18A-security-policy-package/fourth-post-fix-revalidation-evidence/blast-radius/i18b-default-cli-claim-scan.exit
.vibe/work/I-18-security-safety-hooks-policy/I-18A-security-policy-package/fourth-post-fix-revalidation-evidence/blast-radius/i18b-default-cli-claim-scan.stderr
.vibe/work/I-18-security-safety-hooks-policy/I-18A-security-policy-package/fourth-post-fix-revalidation-evidence/blast-radius/i18b-default-cli-claim-scan.stdout
.vibe/work/I-18-security-safety-hooks-policy/I-18A-security-policy-package/fourth-post-fix-revalidation-evidence/blast-radius/package-dependency-sweep-corrected.exit
.vibe/work/I-18-security-safety-hooks-policy/I-18A-security-policy-package/fourth-post-fix-revalidation-evidence/blast-radius/package-dependency-sweep-corrected.stderr
.vibe/work/I-18-security-safety-hooks-policy/I-18A-security-policy-package/fourth-post-fix-revalidation-evidence/blast-radius/package-dependency-sweep-corrected.stdout
.vibe/work/I-18-security-safety-hooks-policy/I-18A-security-policy-package/fourth-post-fix-revalidation-evidence/blast-radius/package-dependency-sweep.exit
.vibe/work/I-18-security-safety-hooks-policy/I-18A-security-policy-package/fourth-post-fix-revalidation-evidence/blast-radius/package-dependency-sweep.stderr
.vibe/work/I-18-security-safety-hooks-policy/I-18A-security-policy-package/fourth-post-fix-revalidation-evidence/blast-radius/package-dependency-sweep.stdout
.vibe/work/I-18-security-safety-hooks-policy/I-18A-security-policy-package/fourth-post-fix-revalidation-evidence/blast-radius/security-summary-files.exit
.vibe/work/I-18-security-safety-hooks-policy/I-18A-security-policy-package/fourth-post-fix-revalidation-evidence/blast-radius/security-summary-files.stderr
.vibe/work/I-18-security-safety-hooks-policy/I-18A-security-policy-package/fourth-post-fix-revalidation-evidence/blast-radius/security-summary-files.stdout
.vibe/work/I-18-security-safety-hooks-policy/I-18A-security-policy-package/fourth-post-fix-revalidation-evidence/blast-radius/unauthorized-path-existence.exit
.vibe/work/I-18-security-safety-hooks-policy/I-18A-security-policy-package/fourth-post-fix-revalidation-evidence/blast-radius/unauthorized-path-existence.stderr
.vibe/work/I-18-security-safety-hooks-policy/I-18A-security-policy-package/fourth-post-fix-revalidation-evidence/blast-radius/unauthorized-path-existence.stdout
.vibe/work/I-18-security-safety-hooks-policy/I-18A-security-policy-package/fourth-post-fix-revalidation-evidence/commands/setup.log
.vibe/work/I-18-security-safety-hooks-policy/I-18A-security-policy-package/fourth-post-fix-revalidation-evidence/final/exit-code-summary.txt
.vibe/work/I-18-security-safety-hooks-policy/I-18A-security-policy-package/fourth-post-fix-revalidation-evidence/final/git-status-short.exit
.vibe/work/I-18-security-safety-hooks-policy/I-18A-security-policy-package/fourth-post-fix-revalidation-evidence/final/git-status-short.stderr
.vibe/work/I-18-security-safety-hooks-policy/I-18A-security-policy-package/fourth-post-fix-revalidation-evidence/final/git-status-short.stdout
.vibe/work/I-18-security-safety-hooks-policy/I-18A-security-policy-package/fourth-post-fix-revalidation-evidence/final/scoped-diff.exit
.vibe/work/I-18-security-safety-hooks-policy/I-18A-security-policy-package/fourth-post-fix-revalidation-evidence/final/scoped-diff.stderr
.vibe/work/I-18-security-safety-hooks-policy/I-18A-security-policy-package/fourth-post-fix-revalidation-evidence/final/scoped-diff.stdout
.vibe/work/I-18-security-safety-hooks-policy/I-18A-security-policy-package/fourth-post-fix-revalidation-evidence/final/security-i18a-file-inventory.exit
.vibe/work/I-18-security-safety-hooks-policy/I-18A-security-policy-package/fourth-post-fix-revalidation-evidence/final/security-i18a-file-inventory.stderr
.vibe/work/I-18-security-safety-hooks-policy/I-18A-security-policy-package/fourth-post-fix-revalidation-evidence/final/security-i18a-file-inventory.stdout
.vibe/work/I-18-security-safety-hooks-policy/I-18A-security-policy-package/fourth-post-fix-revalidation-evidence/inventory/git-status-short.exit
.vibe/work/I-18-security-safety-hooks-policy/I-18A-security-policy-package/fourth-post-fix-revalidation-evidence/inventory/git-status-short.stderr
.vibe/work/I-18-security-safety-hooks-policy/I-18A-security-policy-package/fourth-post-fix-revalidation-evidence/inventory/git-status-short.stdout
.vibe/work/I-18-security-safety-hooks-policy/I-18A-security-policy-package/fourth-post-fix-revalidation-evidence/inventory/scoped-diff.exit
.vibe/work/I-18-security-safety-hooks-policy/I-18A-security-policy-package/fourth-post-fix-revalidation-evidence/inventory/scoped-diff.stderr
.vibe/work/I-18-security-safety-hooks-policy/I-18A-security-policy-package/fourth-post-fix-revalidation-evidence/inventory/scoped-diff.stdout
.vibe/work/I-18-security-safety-hooks-policy/I-18A-security-policy-package/fourth-post-fix-revalidation-evidence/inventory/security-i18a-file-inventory.exit
.vibe/work/I-18-security-safety-hooks-policy/I-18A-security-policy-package/fourth-post-fix-revalidation-evidence/inventory/security-i18a-file-inventory.stderr
.vibe/work/I-18-security-safety-hooks-policy/I-18A-security-policy-package/fourth-post-fix-revalidation-evidence/inventory/security-i18a-file-inventory.stdout
.vibe/work/I-18-security-safety-hooks-policy/I-18A-security-policy-package/fourth-post-fix-revalidation-evidence/inventory/shared-surface-diff.exit
.vibe/work/I-18-security-safety-hooks-policy/I-18A-security-policy-package/fourth-post-fix-revalidation-evidence/inventory/shared-surface-diff.stderr
.vibe/work/I-18-security-safety-hooks-policy/I-18A-security-policy-package/fourth-post-fix-revalidation-evidence/inventory/shared-surface-diff.stdout
.vibe/work/I-18-security-safety-hooks-policy/I-18A-security-policy-package/fourth-post-fix-revalidation-evidence/inventory/shared-surface-status.exit
.vibe/work/I-18-security-safety-hooks-policy/I-18A-security-policy-package/fourth-post-fix-revalidation-evidence/inventory/shared-surface-status.stderr
.vibe/work/I-18-security-safety-hooks-policy/I-18A-security-policy-package/fourth-post-fix-revalidation-evidence/inventory/shared-surface-status.stdout
.vibe/work/I-18-security-safety-hooks-policy/I-18A-security-policy-package/fourth-post-fix-revalidation-evidence/negative/spf1-command-carrier-public-api-witness-summary.json
.vibe/work/I-18-security-safety-hooks-policy/I-18A-security-policy-package/fourth-post-fix-revalidation-evidence/negative/spf1-command-carrier-public-api-witness.exit
.vibe/work/I-18-security-safety-hooks-policy/I-18A-security-policy-package/fourth-post-fix-revalidation-evidence/negative/spf1-command-carrier-public-api-witness.mjs
.vibe/work/I-18-security-safety-hooks-policy/I-18A-security-policy-package/fourth-post-fix-revalidation-evidence/negative/spf1-command-carrier-public-api-witness.stderr
.vibe/work/I-18-security-safety-hooks-policy/I-18A-security-policy-package/fourth-post-fix-revalidation-evidence/negative/spf1-command-carrier-public-api-witness.stdout
.vibe/work/I-18-security-safety-hooks-policy/I-18A-security-policy-package/fourth-post-fix-revalidation-evidence/negative/spf1-quoted-command-carrier-gap-witness-summary.json
.vibe/work/I-18-security-safety-hooks-policy/I-18A-security-policy-package/fourth-post-fix-revalidation-evidence/negative/spf1-quoted-command-carrier-gap-witness.exit
.vibe/work/I-18-security-safety-hooks-policy/I-18A-security-policy-package/fourth-post-fix-revalidation-evidence/negative/spf1-quoted-command-carrier-gap-witness.mjs
.vibe/work/I-18-security-safety-hooks-policy/I-18A-security-policy-package/fourth-post-fix-revalidation-evidence/negative/spf1-quoted-command-carrier-gap-witness.stderr
.vibe/work/I-18-security-safety-hooks-policy/I-18A-security-policy-package/fourth-post-fix-revalidation-evidence/negative/spf1-quoted-command-carrier-gap-witness.stdout
.vibe/work/I-18-security-safety-hooks-policy/I-18A-security-policy-package/fourth-post-fix-revalidation-evidence/negative/spf2-spf3-prior-regression-witness-summary.json
.vibe/work/I-18-security-safety-hooks-policy/I-18A-security-policy-package/fourth-post-fix-revalidation-evidence/negative/spf2-spf3-prior-regression-witness.exit
.vibe/work/I-18-security-safety-hooks-policy/I-18A-security-policy-package/fourth-post-fix-revalidation-evidence/negative/spf2-spf3-prior-regression-witness.mjs
.vibe/work/I-18-security-safety-hooks-policy/I-18A-security-policy-package/fourth-post-fix-revalidation-evidence/negative/spf2-spf3-prior-regression-witness.stderr
.vibe/work/I-18-security-safety-hooks-policy/I-18A-security-policy-package/fourth-post-fix-revalidation-evidence/negative/spf2-spf3-prior-regression-witness.stdout
.vibe/work/I-18-security-safety-hooks-policy/I-18A-security-policy-package/fourth-post-fix-revalidation-evidence/regression/default-shipped-security-cli.exit
.vibe/work/I-18-security-safety-hooks-policy/I-18A-security-policy-package/fourth-post-fix-revalidation-evidence/regression/default-shipped-security-cli.stderr
.vibe/work/I-18-security-safety-hooks-policy/I-18A-security-policy-package/fourth-post-fix-revalidation-evidence/regression/default-shipped-security-cli.stdout
.vibe/work/I-18-security-safety-hooks-policy/I-18A-security-policy-package/fourth-post-fix-revalidation-evidence/scans/generated-output-sentinel-scan.exit
.vibe/work/I-18-security-safety-hooks-policy/I-18A-security-policy-package/fourth-post-fix-revalidation-evidence/scans/generated-output-sentinel-scan.stderr
.vibe/work/I-18-security-safety-hooks-policy/I-18A-security-policy-package/fourth-post-fix-revalidation-evidence/scans/generated-output-sentinel-scan.stdout
.vibe/work/I-18-security-safety-hooks-policy/I-18A-security-policy-package/fourth-post-fix-revalidation-evidence/scans/report-citation-raw-example-scan.exit
.vibe/work/I-18-security-safety-hooks-policy/I-18A-security-policy-package/fourth-post-fix-revalidation-evidence/scans/report-citation-raw-example-scan.stderr
.vibe/work/I-18-security-safety-hooks-policy/I-18A-security-policy-package/fourth-post-fix-revalidation-evidence/scans/report-citation-raw-example-scan.stdout
.vibe/work/I-18-security-safety-hooks-policy/I-18A-security-policy-package/fourth-post-fix-revalidation-evidence/syntax/cli-package-context-witness.exit
.vibe/work/I-18-security-safety-hooks-policy/I-18A-security-policy-package/fourth-post-fix-revalidation-evidence/syntax/cli-package-context-witness.stderr
.vibe/work/I-18-security-safety-hooks-policy/I-18A-security-policy-package/fourth-post-fix-revalidation-evidence/syntax/cli-package-context-witness.stdout
.vibe/work/I-18-security-safety-hooks-policy/I-18A-security-policy-package/fourth-post-fix-revalidation-evidence/syntax/contracts-witness.exit
.vibe/work/I-18-security-safety-hooks-policy/I-18A-security-policy-package/fourth-post-fix-revalidation-evidence/syntax/contracts-witness.stderr
.vibe/work/I-18-security-safety-hooks-policy/I-18A-security-policy-package/fourth-post-fix-revalidation-evidence/syntax/contracts-witness.stdout
.vibe/work/I-18-security-safety-hooks-policy/I-18A-security-policy-package/fourth-post-fix-revalidation-evidence/syntax/fourth-command-carriers-witness.exit
.vibe/work/I-18-security-safety-hooks-policy/I-18A-security-policy-package/fourth-post-fix-revalidation-evidence/syntax/fourth-command-carriers-witness.stderr
.vibe/work/I-18-security-safety-hooks-policy/I-18A-security-policy-package/fourth-post-fix-revalidation-evidence/syntax/fourth-command-carriers-witness.stdout
.vibe/work/I-18-security-safety-hooks-policy/I-18A-security-policy-package/fourth-post-fix-revalidation-evidence/syntax/index-js.exit
.vibe/work/I-18-security-safety-hooks-policy/I-18A-security-policy-package/fourth-post-fix-revalidation-evidence/syntax/index-js.stderr
.vibe/work/I-18-security-safety-hooks-policy/I-18A-security-policy-package/fourth-post-fix-revalidation-evidence/syntax/index-js.stdout
.vibe/work/I-18-security-safety-hooks-policy/I-18A-security-policy-package/fourth-post-fix-revalidation-evidence/syntax/package-api-witness.exit
.vibe/work/I-18-security-safety-hooks-policy/I-18A-security-policy-package/fourth-post-fix-revalidation-evidence/syntax/package-api-witness.stderr
.vibe/work/I-18-security-safety-hooks-policy/I-18A-security-policy-package/fourth-post-fix-revalidation-evidence/syntax/package-api-witness.stdout
.vibe/work/I-18-security-safety-hooks-policy/I-18A-security-policy-package/fourth-post-fix-revalidation-evidence/syntax/policy-witness.exit
.vibe/work/I-18-security-safety-hooks-policy/I-18A-security-policy-package/fourth-post-fix-revalidation-evidence/syntax/policy-witness.stderr
.vibe/work/I-18-security-safety-hooks-policy/I-18A-security-policy-package/fourth-post-fix-revalidation-evidence/syntax/policy-witness.stdout
.vibe/work/I-18-security-safety-hooks-policy/I-18A-security-policy-package/fourth-post-fix-revalidation-evidence/syntax/redaction-witness.exit
.vibe/work/I-18-security-safety-hooks-policy/I-18A-security-policy-package/fourth-post-fix-revalidation-evidence/syntax/redaction-witness.stderr
.vibe/work/I-18-security-safety-hooks-policy/I-18A-security-policy-package/fourth-post-fix-revalidation-evidence/syntax/redaction-witness.stdout
.vibe/work/I-18-security-safety-hooks-policy/I-18A-security-policy-package/fourth-post-fix-revalidation-evidence/syntax/spf1-command-carrier-public-api-witness-check.exit
.vibe/work/I-18-security-safety-hooks-policy/I-18A-security-policy-package/fourth-post-fix-revalidation-evidence/syntax/spf1-command-carrier-public-api-witness-check.stderr
.vibe/work/I-18-security-safety-hooks-policy/I-18A-security-policy-package/fourth-post-fix-revalidation-evidence/syntax/spf1-command-carrier-public-api-witness-check.stdout
.vibe/work/I-18-security-safety-hooks-policy/I-18A-security-policy-package/fourth-post-fix-revalidation-evidence/syntax/spf1-quoted-command-carrier-gap-witness-check.exit
.vibe/work/I-18-security-safety-hooks-policy/I-18A-security-policy-package/fourth-post-fix-revalidation-evidence/syntax/spf1-quoted-command-carrier-gap-witness-check.stderr
.vibe/work/I-18-security-safety-hooks-policy/I-18A-security-policy-package/fourth-post-fix-revalidation-evidence/syntax/spf1-quoted-command-carrier-gap-witness-check.stdout
.vibe/work/I-18-security-safety-hooks-policy/I-18A-security-policy-package/fourth-post-fix-revalidation-evidence/syntax/spf2-spf3-prior-regression-witness-check.exit
.vibe/work/I-18-security-safety-hooks-policy/I-18A-security-policy-package/fourth-post-fix-revalidation-evidence/syntax/spf2-spf3-prior-regression-witness-check.stderr
.vibe/work/I-18-security-safety-hooks-policy/I-18A-security-policy-package/fourth-post-fix-revalidation-evidence/syntax/spf2-spf3-prior-regression-witness-check.stdout
.vibe/work/I-18-security-safety-hooks-policy/I-18A-security-policy-package/I-18A-fifth-fix-report.md
.vibe/work/I-18-security-safety-hooks-policy/I-18A-security-policy-package/I-18A-fix-report.md
.vibe/work/I-18-security-safety-hooks-policy/I-18A-security-policy-package/I-18A-fourth-fix-report.md
.vibe/work/I-18-security-safety-hooks-policy/I-18A-security-policy-package/I-18A-fourth-post-fix-revalidation-artifact.md
.vibe/work/I-18-security-safety-hooks-policy/I-18A-security-policy-package/I-18A-implementation-report.md
.vibe/work/I-18-security-safety-hooks-policy/I-18A-security-policy-package/I-18A-post-fix-revalidation-artifact.md
.vibe/work/I-18-security-safety-hooks-policy/I-18A-security-policy-package/I-18A-second-fix-report.md
.vibe/work/I-18-security-safety-hooks-policy/I-18A-security-policy-package/I-18A-second-post-fix-revalidation-artifact.md
.vibe/work/I-18-security-safety-hooks-policy/I-18A-security-policy-package/I-18A-third-fix-report.md
.vibe/work/I-18-security-safety-hooks-policy/I-18A-security-policy-package/I-18A-third-post-fix-revalidation-artifact.md
.vibe/work/I-18-security-safety-hooks-policy/I-18A-security-policy-package/I-18A-validation-artifact.md
.vibe/work/I-18-security-safety-hooks-policy/I-18A-security-policy-package/inventory/baseline-status.txt
.vibe/work/I-18-security-safety-hooks-policy/I-18A-security-policy-package/inventory/owned-paths-after.txt
.vibe/work/I-18-security-safety-hooks-policy/I-18A-security-policy-package/inventory/owned-paths-before.txt
.vibe/work/I-18-security-safety-hooks-policy/I-18A-security-policy-package/post-fix-revalidation-evidence/blast-radius/security-reference-sweep.txt
.vibe/work/I-18-security-safety-hooks-policy/I-18A-security-policy-package/post-fix-revalidation-evidence/blast-radius/sibling-sweep.txt
.vibe/work/I-18-security-safety-hooks-policy/I-18A-security-policy-package/post-fix-revalidation-evidence/diff/path-scoped-diff-name-status.txt
.vibe/work/I-18-security-safety-hooks-policy/I-18A-security-policy-package/post-fix-revalidation-evidence/diff/path-scoped-diff.patch
.vibe/work/I-18-security-safety-hooks-policy/I-18A-security-policy-package/post-fix-revalidation-evidence/final/final-dirty-tree-proof.txt
.vibe/work/I-18-security-safety-hooks-policy/I-18A-security-policy-package/post-fix-revalidation-evidence/inventory/owned-paths.txt
.vibe/work/I-18-security-safety-hooks-policy/I-18A-security-policy-package/post-fix-revalidation-evidence/negative/post-fix-adversarial-witness-summary.json
.vibe/work/I-18-security-safety-hooks-policy/I-18A-security-policy-package/post-fix-revalidation-evidence/negative/post-fix-adversarial-witness.exit
.vibe/work/I-18-security-safety-hooks-policy/I-18A-security-policy-package/post-fix-revalidation-evidence/negative/post-fix-adversarial-witness.mjs
.vibe/work/I-18-security-safety-hooks-policy/I-18A-security-policy-package/post-fix-revalidation-evidence/negative/post-fix-adversarial-witness.stderr
.vibe/work/I-18-security-safety-hooks-policy/I-18A-security-policy-package/post-fix-revalidation-evidence/negative/post-fix-adversarial-witness.stdout
.vibe/work/I-18-security-safety-hooks-policy/I-18A-security-policy-package/post-fix-revalidation-evidence/package-checks/node-checks.exit
.vibe/work/I-18-security-safety-hooks-policy/I-18A-security-policy-package/post-fix-revalidation-evidence/package-checks/node-checks.txt
.vibe/work/I-18-security-safety-hooks-policy/I-18A-security-policy-package/post-fix-revalidation-evidence/package-checks/pnpm-list-security-depth0.exit
.vibe/work/I-18-security-safety-hooks-policy/I-18A-security-policy-package/post-fix-revalidation-evidence/package-checks/pnpm-list-security-depth0.json
.vibe/work/I-18-security-safety-hooks-policy/I-18A-security-policy-package/post-fix-revalidation-evidence/package-checks/pnpm-list-security-depth0.stderr
.vibe/work/I-18-security-safety-hooks-policy/I-18A-security-policy-package/post-fix-revalidation-evidence/real-boundary/cli-context-import.exit
.vibe/work/I-18-security-safety-hooks-policy/I-18A-security-policy-package/post-fix-revalidation-evidence/real-boundary/cli-context-import.stderr
.vibe/work/I-18-security-safety-hooks-policy/I-18A-security-policy-package/post-fix-revalidation-evidence/real-boundary/cli-context-import.stdout
.vibe/work/I-18-security-safety-hooks-policy/I-18A-security-policy-package/post-fix-revalidation-evidence/real-boundary/package-context-import.exit
.vibe/work/I-18-security-safety-hooks-policy/I-18A-security-policy-package/post-fix-revalidation-evidence/real-boundary/package-context-import.stderr
.vibe/work/I-18-security-safety-hooks-policy/I-18A-security-policy-package/post-fix-revalidation-evidence/real-boundary/package-context-import.stdout
.vibe/work/I-18-security-safety-hooks-policy/I-18A-security-policy-package/post-fix-revalidation-evidence/redaction/generated-output-sentinel-scan.txt
.vibe/work/I-18-security-safety-hooks-policy/I-18A-security-policy-package/post-fix-revalidation-evidence/redaction/output-sentinel-scan-excluding-witness-source.txt
.vibe/work/I-18-security-safety-hooks-policy/I-18A-security-policy-package/post-fix-revalidation-evidence/redaction/sentinel-scan.txt
.vibe/work/I-18-security-safety-hooks-policy/I-18A-security-policy-package/post-fix-revalidation-evidence/regression/default-security-command-assertion.exit
.vibe/work/I-18-security-safety-hooks-policy/I-18A-security-policy-package/post-fix-revalidation-evidence/regression/default-security-command-assertion.json
.vibe/work/I-18-security-safety-hooks-policy/I-18A-security-policy-package/post-fix-revalidation-evidence/regression/default-security-command-assertion.stderr
.vibe/work/I-18-security-safety-hooks-policy/I-18A-security-policy-package/post-fix-revalidation-evidence/regression/default-security-command.exit
.vibe/work/I-18-security-safety-hooks-policy/I-18A-security-policy-package/post-fix-revalidation-evidence/regression/default-security-command.stderr
.vibe/work/I-18-security-safety-hooks-policy/I-18A-security-policy-package/post-fix-revalidation-evidence/regression/default-security-command.stdout
.vibe/work/I-18-security-safety-hooks-policy/I-18A-security-policy-package/post-fix-revalidation-evidence/regression/default-security-result.json
.vibe/work/I-18-security-safety-hooks-policy/I-18A-security-policy-package/post-fix-revalidation-evidence/regression/top-level-testing-dependency-sweep.exit
.vibe/work/I-18-security-safety-hooks-policy/I-18A-security-policy-package/post-fix-revalidation-evidence/regression/top-level-testing-dependency-sweep.json
.vibe/work/I-18-security-safety-hooks-policy/I-18A-security-policy-package/post-fix-revalidation-evidence/regression/top-level-testing-dependency-sweep.stderr
.vibe/work/I-18-security-safety-hooks-policy/I-18A-security-policy-package/post-fix-revalidation-evidence/regression/unauthorized-surface-regression.txt
.vibe/work/I-18-security-safety-hooks-policy/I-18A-security-policy-package/post-fix-revalidation-evidence/source/function-lines.txt
.vibe/work/I-18-security-safety-hooks-policy/I-18A-security-policy-package/post-fix-revalidation-evidence/status/git-status-short.txt
.vibe/work/I-18-security-safety-hooks-policy/I-18A-security-policy-package/second-fix-evidence/baseline/git-status-short.txt
.vibe/work/I-18-security-safety-hooks-policy/I-18A-security-policy-package/second-fix-evidence/baseline/owned-paths-before.txt
.vibe/work/I-18-security-safety-hooks-policy/I-18A-security-policy-package/second-fix-evidence/baseline/scoped-diff-before.patch
.vibe/work/I-18-security-safety-hooks-policy/I-18A-security-policy-package/second-fix-evidence/final/git-status-short.txt
.vibe/work/I-18-security-safety-hooks-policy/I-18A-security-policy-package/second-fix-evidence/final/owned-paths-after.txt
.vibe/work/I-18-security-safety-hooks-policy/I-18A-security-policy-package/second-fix-evidence/final/scoped-diff.patch
.vibe/work/I-18-security-safety-hooks-policy/I-18A-security-policy-package/second-fix-evidence/negative/post-fix-adversarial-witness-rerun.exit
.vibe/work/I-18-security-safety-hooks-policy/I-18A-security-policy-package/second-fix-evidence/negative/post-fix-adversarial-witness-rerun.mjs
.vibe/work/I-18-security-safety-hooks-policy/I-18A-security-policy-package/second-fix-evidence/negative/post-fix-adversarial-witness-rerun.stderr
.vibe/work/I-18-security-safety-hooks-policy/I-18A-security-policy-package/second-fix-evidence/negative/post-fix-adversarial-witness-rerun.stdout
.vibe/work/I-18-security-safety-hooks-policy/I-18A-security-policy-package/second-fix-evidence/negative/post-fix-adversarial-witness-summary.json
.vibe/work/I-18-security-safety-hooks-policy/I-18A-security-policy-package/second-fix-evidence/regression/default-security-command-summary.json
.vibe/work/I-18-security-safety-hooks-policy/I-18A-security-policy-package/second-fix-evidence/regression/default-security-command.exit
.vibe/work/I-18-security-safety-hooks-policy/I-18A-security-policy-package/second-fix-evidence/regression/default-security-command.stderr
.vibe/work/I-18-security-safety-hooks-policy/I-18A-security-policy-package/second-fix-evidence/regression/default-security-command.stdout
.vibe/work/I-18-security-safety-hooks-policy/I-18A-security-policy-package/second-fix-evidence/regression/generated-output-sentinel-scan.txt
.vibe/work/I-18-security-safety-hooks-policy/I-18A-security-policy-package/second-fix-evidence/regression/top-level-testing-dependency-sweep.json
.vibe/work/I-18-security-safety-hooks-policy/I-18A-security-policy-package/second-fix-evidence/regression/unauthorized-surface-regression.txt
.vibe/work/I-18-security-safety-hooks-policy/I-18A-security-policy-package/second-fix-evidence/witnesses/cli-context-import.exit
.vibe/work/I-18-security-safety-hooks-policy/I-18A-security-policy-package/second-fix-evidence/witnesses/cli-context-import.stderr
.vibe/work/I-18-security-safety-hooks-policy/I-18A-security-policy-package/second-fix-evidence/witnesses/cli-context-import.stdout
.vibe/work/I-18-security-safety-hooks-policy/I-18A-security-policy-package/second-fix-evidence/witnesses/cli-context-witness.exit
.vibe/work/I-18-security-safety-hooks-policy/I-18A-security-policy-package/second-fix-evidence/witnesses/cli-context-witness.stderr
.vibe/work/I-18-security-safety-hooks-policy/I-18A-security-policy-package/second-fix-evidence/witnesses/cli-context-witness.stdout
.vibe/work/I-18-security-safety-hooks-policy/I-18A-security-policy-package/second-fix-evidence/witnesses/contracts-witness.exit
.vibe/work/I-18-security-safety-hooks-policy/I-18A-security-policy-package/second-fix-evidence/witnesses/contracts-witness.stderr
.vibe/work/I-18-security-safety-hooks-policy/I-18A-security-policy-package/second-fix-evidence/witnesses/contracts-witness.stdout
.vibe/work/I-18-security-safety-hooks-policy/I-18A-security-policy-package/second-fix-evidence/witnesses/node-checks.exit
.vibe/work/I-18-security-safety-hooks-policy/I-18A-security-policy-package/second-fix-evidence/witnesses/node-checks.stderr
.vibe/work/I-18-security-safety-hooks-policy/I-18A-security-policy-package/second-fix-evidence/witnesses/node-checks.stdout
.vibe/work/I-18-security-safety-hooks-policy/I-18A-security-policy-package/second-fix-evidence/witnesses/package-api-witness.exit
.vibe/work/I-18-security-safety-hooks-policy/I-18A-security-policy-package/second-fix-evidence/witnesses/package-api-witness.stderr
.vibe/work/I-18-security-safety-hooks-policy/I-18A-security-policy-package/second-fix-evidence/witnesses/package-api-witness.stdout
.vibe/work/I-18-security-safety-hooks-policy/I-18A-security-policy-package/second-fix-evidence/witnesses/package-context-import.exit
.vibe/work/I-18-security-safety-hooks-policy/I-18A-security-policy-package/second-fix-evidence/witnesses/package-context-import.stderr
.vibe/work/I-18-security-safety-hooks-policy/I-18A-security-policy-package/second-fix-evidence/witnesses/package-context-import.stdout
.vibe/work/I-18-security-safety-hooks-policy/I-18A-security-policy-package/second-fix-evidence/witnesses/policy-witness.exit
.vibe/work/I-18-security-safety-hooks-policy/I-18A-security-policy-package/second-fix-evidence/witnesses/policy-witness.stderr
.vibe/work/I-18-security-safety-hooks-policy/I-18A-security-policy-package/second-fix-evidence/witnesses/policy-witness.stdout
.vibe/work/I-18-security-safety-hooks-policy/I-18A-security-policy-package/second-fix-evidence/witnesses/redaction-witness.exit
.vibe/work/I-18-security-safety-hooks-policy/I-18A-security-policy-package/second-fix-evidence/witnesses/redaction-witness.stderr
.vibe/work/I-18-security-safety-hooks-policy/I-18A-security-policy-package/second-fix-evidence/witnesses/redaction-witness.stdout
.vibe/work/I-18-security-safety-hooks-policy/I-18A-security-policy-package/second-fix-evidence/witnesses/second-fix-adversarial-witness-summary.json
.vibe/work/I-18-security-safety-hooks-policy/I-18A-security-policy-package/second-fix-evidence/witnesses/second-fix-adversarial-witness.exit
.vibe/work/I-18-security-safety-hooks-policy/I-18A-security-policy-package/second-fix-evidence/witnesses/second-fix-adversarial-witness.mjs
.vibe/work/I-18-security-safety-hooks-policy/I-18A-security-policy-package/second-fix-evidence/witnesses/second-fix-adversarial-witness.stderr
.vibe/work/I-18-security-safety-hooks-policy/I-18A-security-policy-package/second-fix-evidence/witnesses/second-fix-adversarial-witness.stdout
.vibe/work/I-18-security-safety-hooks-policy/I-18A-security-policy-package/second-post-fix-revalidation-evidence/blast-radius/security-reference-sweep.txt
.vibe/work/I-18-security-safety-hooks-policy/I-18A-security-policy-package/second-post-fix-revalidation-evidence/blast-radius/sibling-package-sweep.txt
.vibe/work/I-18-security-safety-hooks-policy/I-18A-security-policy-package/second-post-fix-revalidation-evidence/blast-radius/sibling-sweep.txt
.vibe/work/I-18-security-safety-hooks-policy/I-18A-security-policy-package/second-post-fix-revalidation-evidence/diff/path-scoped-diff-summary.txt
.vibe/work/I-18-security-safety-hooks-policy/I-18A-security-policy-package/second-post-fix-revalidation-evidence/diff/path-scoped-diff.patch
.vibe/work/I-18-security-safety-hooks-policy/I-18A-security-policy-package/second-post-fix-revalidation-evidence/final/exit-code-summary.txt
.vibe/work/I-18-security-safety-hooks-policy/I-18A-security-policy-package/second-post-fix-revalidation-evidence/final/final-dirty-tree-proof.txt
.vibe/work/I-18-security-safety-hooks-policy/I-18A-security-policy-package/second-post-fix-revalidation-evidence/inventory/owned-paths.txt
.vibe/work/I-18-security-safety-hooks-policy/I-18A-security-policy-package/second-post-fix-revalidation-evidence/negative/second-post-fix-adversarial-witness-summary.json
.vibe/work/I-18-security-safety-hooks-policy/I-18A-security-policy-package/second-post-fix-revalidation-evidence/negative/second-post-fix-adversarial-witness.exit
.vibe/work/I-18-security-safety-hooks-policy/I-18A-security-policy-package/second-post-fix-revalidation-evidence/negative/second-post-fix-adversarial-witness.mjs
.vibe/work/I-18-security-safety-hooks-policy/I-18A-security-policy-package/second-post-fix-revalidation-evidence/negative/second-post-fix-adversarial-witness.stderr
.vibe/work/I-18-security-safety-hooks-policy/I-18A-security-policy-package/second-post-fix-revalidation-evidence/negative/second-post-fix-adversarial-witness.stdout
.vibe/work/I-18-security-safety-hooks-policy/I-18A-security-policy-package/second-post-fix-revalidation-evidence/package-checks/node-checks.exit
.vibe/work/I-18-security-safety-hooks-policy/I-18A-security-policy-package/second-post-fix-revalidation-evidence/package-checks/node-checks.txt
.vibe/work/I-18-security-safety-hooks-policy/I-18A-security-policy-package/second-post-fix-revalidation-evidence/package-checks/pnpm-list-security-depth0.exit
.vibe/work/I-18-security-safety-hooks-policy/I-18A-security-policy-package/second-post-fix-revalidation-evidence/package-checks/pnpm-list-security-depth0.json
.vibe/work/I-18-security-safety-hooks-policy/I-18A-security-policy-package/second-post-fix-revalidation-evidence/package-checks/pnpm-list-security-depth0.stderr
.vibe/work/I-18-security-safety-hooks-policy/I-18A-security-policy-package/second-post-fix-revalidation-evidence/package-checks/security-package-script-scope.exit
.vibe/work/I-18-security-safety-hooks-policy/I-18A-security-policy-package/second-post-fix-revalidation-evidence/package-checks/security-package-script-scope.json
.vibe/work/I-18-security-safety-hooks-policy/I-18A-security-policy-package/second-post-fix-revalidation-evidence/package-checks/security-package-script-scope.stderr
.vibe/work/I-18-security-safety-hooks-policy/I-18A-security-policy-package/second-post-fix-revalidation-evidence/package-checks/validator-witness-node-check.exit
.vibe/work/I-18-security-safety-hooks-policy/I-18A-security-policy-package/second-post-fix-revalidation-evidence/package-checks/validator-witness-node-check.stderr
.vibe/work/I-18-security-safety-hooks-policy/I-18A-security-policy-package/second-post-fix-revalidation-evidence/package-checks/validator-witness-node-check.stdout
.vibe/work/I-18-security-safety-hooks-policy/I-18A-security-policy-package/second-post-fix-revalidation-evidence/real-boundary/cli-context-import.exit
.vibe/work/I-18-security-safety-hooks-policy/I-18A-security-policy-package/second-post-fix-revalidation-evidence/real-boundary/cli-context-import.stderr
.vibe/work/I-18-security-safety-hooks-policy/I-18A-security-policy-package/second-post-fix-revalidation-evidence/real-boundary/cli-context-import.stdout
.vibe/work/I-18-security-safety-hooks-policy/I-18A-security-policy-package/second-post-fix-revalidation-evidence/real-boundary/package-context-import.exit
.vibe/work/I-18-security-safety-hooks-policy/I-18A-security-policy-package/second-post-fix-revalidation-evidence/real-boundary/package-context-import.stderr
.vibe/work/I-18-security-safety-hooks-policy/I-18A-security-policy-package/second-post-fix-revalidation-evidence/real-boundary/package-context-import.stdout
.vibe/work/I-18-security-safety-hooks-policy/I-18A-security-policy-package/second-post-fix-revalidation-evidence/redaction/generated-output-sentinel-scan.exit
.vibe/work/I-18-security-safety-hooks-policy/I-18A-security-policy-package/second-post-fix-revalidation-evidence/redaction/generated-output-sentinel-scan.stderr
.vibe/work/I-18-security-safety-hooks-policy/I-18A-security-policy-package/second-post-fix-revalidation-evidence/redaction/generated-output-sentinel-scan.txt
.vibe/work/I-18-security-safety-hooks-policy/I-18A-security-policy-package/second-post-fix-revalidation-evidence/regression/default-security-command-assertion.exit
.vibe/work/I-18-security-safety-hooks-policy/I-18A-security-policy-package/second-post-fix-revalidation-evidence/regression/default-security-command-assertion.json
.vibe/work/I-18-security-safety-hooks-policy/I-18A-security-policy-package/second-post-fix-revalidation-evidence/regression/default-security-command-assertion.stderr
.vibe/work/I-18-security-safety-hooks-policy/I-18A-security-policy-package/second-post-fix-revalidation-evidence/regression/default-security-command.exit
.vibe/work/I-18-security-safety-hooks-policy/I-18A-security-policy-package/second-post-fix-revalidation-evidence/regression/default-security-command.stderr
.vibe/work/I-18-security-safety-hooks-policy/I-18A-security-policy-package/second-post-fix-revalidation-evidence/regression/default-security-command.stdout
.vibe/work/I-18-security-safety-hooks-policy/I-18A-security-policy-package/second-post-fix-revalidation-evidence/regression/default-security-result.json
.vibe/work/I-18-security-safety-hooks-policy/I-18A-security-policy-package/second-post-fix-revalidation-evidence/regression/top-level-testing-dependency-sweep.exit
.vibe/work/I-18-security-safety-hooks-policy/I-18A-security-policy-package/second-post-fix-revalidation-evidence/regression/top-level-testing-dependency-sweep.json
.vibe/work/I-18-security-safety-hooks-policy/I-18A-security-policy-package/second-post-fix-revalidation-evidence/regression/top-level-testing-dependency-sweep.stderr
.vibe/work/I-18-security-safety-hooks-policy/I-18A-security-policy-package/second-post-fix-revalidation-evidence/regression/unauthorized-surface-regression.exit
.vibe/work/I-18-security-safety-hooks-policy/I-18A-security-policy-package/second-post-fix-revalidation-evidence/regression/unauthorized-surface-regression.txt
.vibe/work/I-18-security-safety-hooks-policy/I-18A-security-policy-package/second-post-fix-revalidation-evidence/source/function-lines.txt
.vibe/work/I-18-security-safety-hooks-policy/I-18A-security-policy-package/second-post-fix-revalidation-evidence/status/git-status-short.txt
.vibe/work/I-18-security-safety-hooks-policy/I-18A-security-policy-package/third-fix-evidence/baseline/git-status-short.txt
.vibe/work/I-18-security-safety-hooks-policy/I-18A-security-policy-package/third-fix-evidence/baseline/owned-paths-before.txt
.vibe/work/I-18-security-safety-hooks-policy/I-18A-security-policy-package/third-fix-evidence/baseline/scoped-diff-before.patch
.vibe/work/I-18-security-safety-hooks-policy/I-18A-security-policy-package/third-fix-evidence/final/exit-code-summary.txt
.vibe/work/I-18-security-safety-hooks-policy/I-18A-security-policy-package/third-fix-evidence/final/git-status-short.txt
.vibe/work/I-18-security-safety-hooks-policy/I-18A-security-policy-package/third-fix-evidence/final/owned-paths-after.txt
.vibe/work/I-18-security-safety-hooks-policy/I-18A-security-policy-package/third-fix-evidence/final/scoped-diff.patch
.vibe/work/I-18-security-safety-hooks-policy/I-18A-security-policy-package/third-fix-evidence/negative/third-fix-adversarial-witness-summary.json
.vibe/work/I-18-security-safety-hooks-policy/I-18A-security-policy-package/third-fix-evidence/negative/third-fix-adversarial-witness.exit
.vibe/work/I-18-security-safety-hooks-policy/I-18A-security-policy-package/third-fix-evidence/negative/third-fix-adversarial-witness.mjs
.vibe/work/I-18-security-safety-hooks-policy/I-18A-security-policy-package/third-fix-evidence/negative/third-fix-adversarial-witness.stderr
.vibe/work/I-18-security-safety-hooks-policy/I-18A-security-policy-package/third-fix-evidence/negative/third-fix-adversarial-witness.stdout
.vibe/work/I-18-security-safety-hooks-policy/I-18A-security-policy-package/third-fix-evidence/real-boundary/cli-package-context-import/cli-context-import.exit
.vibe/work/I-18-security-safety-hooks-policy/I-18A-security-policy-package/third-fix-evidence/real-boundary/cli-package-context-import/cli-context-import.stderr
.vibe/work/I-18-security-safety-hooks-policy/I-18A-security-policy-package/third-fix-evidence/real-boundary/cli-package-context-import/cli-context-import.stdout
.vibe/work/I-18-security-safety-hooks-policy/I-18A-security-policy-package/third-fix-evidence/real-boundary/cli-package-context-import/witness.exit
.vibe/work/I-18-security-safety-hooks-policy/I-18A-security-policy-package/third-fix-evidence/real-boundary/cli-package-context-import/witness.stderr
.vibe/work/I-18-security-safety-hooks-policy/I-18A-security-policy-package/third-fix-evidence/real-boundary/cli-package-context-import/witness.stdout
.vibe/work/I-18-security-safety-hooks-policy/I-18A-security-policy-package/third-fix-evidence/real-boundary/package-api/package-context-import.exit
.vibe/work/I-18-security-safety-hooks-policy/I-18A-security-policy-package/third-fix-evidence/real-boundary/package-api/package-context-import.stderr
.vibe/work/I-18-security-safety-hooks-policy/I-18A-security-policy-package/third-fix-evidence/real-boundary/package-api/package-context-import.stdout
.vibe/work/I-18-security-safety-hooks-policy/I-18A-security-policy-package/third-fix-evidence/real-boundary/package-api/witness.exit
.vibe/work/I-18-security-safety-hooks-policy/I-18A-security-policy-package/third-fix-evidence/real-boundary/package-api/witness.stderr
.vibe/work/I-18-security-safety-hooks-policy/I-18A-security-policy-package/third-fix-evidence/real-boundary/package-api/witness.stdout
.vibe/work/I-18-security-safety-hooks-policy/I-18A-security-policy-package/third-fix-evidence/regression/default-security-command.exit
.vibe/work/I-18-security-safety-hooks-policy/I-18A-security-policy-package/third-fix-evidence/regression/default-security-command.stderr
.vibe/work/I-18-security-safety-hooks-policy/I-18A-security-policy-package/third-fix-evidence/regression/default-security-command.stdout
.vibe/work/I-18-security-safety-hooks-policy/I-18A-security-policy-package/third-fix-evidence/regression/generated-output-sentinel-scan.exit
.vibe/work/I-18-security-safety-hooks-policy/I-18A-security-policy-package/third-fix-evidence/regression/generated-output-sentinel-scan.stderr
.vibe/work/I-18-security-safety-hooks-policy/I-18A-security-policy-package/third-fix-evidence/regression/generated-output-sentinel-scan.stdout
.vibe/work/I-18-security-safety-hooks-policy/I-18A-security-policy-package/third-fix-evidence/regression/top-level-testing-dependency-sweep.exit
.vibe/work/I-18-security-safety-hooks-policy/I-18A-security-policy-package/third-fix-evidence/regression/top-level-testing-dependency-sweep.stderr
.vibe/work/I-18-security-safety-hooks-policy/I-18A-security-policy-package/third-fix-evidence/regression/top-level-testing-dependency-sweep.stdout
.vibe/work/I-18-security-safety-hooks-policy/I-18A-security-policy-package/third-fix-evidence/regression/unauthorized-surface-regression.exit
.vibe/work/I-18-security-safety-hooks-policy/I-18A-security-policy-package/third-fix-evidence/regression/unauthorized-surface-regression.stderr
.vibe/work/I-18-security-safety-hooks-policy/I-18A-security-policy-package/third-fix-evidence/regression/unauthorized-surface-regression.stdout
.vibe/work/I-18-security-safety-hooks-policy/I-18A-security-policy-package/third-fix-evidence/source/changed-source-lines.txt
.vibe/work/I-18-security-safety-hooks-policy/I-18A-security-policy-package/third-fix-evidence/syntax/_vibe_work_I-18-security-safety-hooks-policy_I-18A-security-policy-package_third-fix-evidence_negative_third-fix-adversarial-witness_mjs.exit
.vibe/work/I-18-security-safety-hooks-policy/I-18A-security-policy-package/third-fix-evidence/syntax/_vibe_work_I-18-security-safety-hooks-policy_I-18A-security-policy-package_third-fix-evidence_negative_third-fix-adversarial-witness_mjs.stderr
.vibe/work/I-18-security-safety-hooks-policy/I-18A-security-policy-package/third-fix-evidence/syntax/_vibe_work_I-18-security-safety-hooks-policy_I-18A-security-policy-package_third-fix-evidence_negative_third-fix-adversarial-witness_mjs.stdout
.vibe/work/I-18-security-safety-hooks-policy/I-18A-security-policy-package/third-fix-evidence/syntax/packages_security_fixtures_contracts_witness_mjs.exit
.vibe/work/I-18-security-safety-hooks-policy/I-18A-security-policy-package/third-fix-evidence/syntax/packages_security_fixtures_contracts_witness_mjs.stderr
.vibe/work/I-18-security-safety-hooks-policy/I-18A-security-policy-package/third-fix-evidence/syntax/packages_security_fixtures_contracts_witness_mjs.stdout
.vibe/work/I-18-security-safety-hooks-policy/I-18A-security-policy-package/third-fix-evidence/syntax/packages_security_fixtures_policy_witness_mjs.exit
.vibe/work/I-18-security-safety-hooks-policy/I-18A-security-policy-package/third-fix-evidence/syntax/packages_security_fixtures_policy_witness_mjs.stderr
.vibe/work/I-18-security-safety-hooks-policy/I-18A-security-policy-package/third-fix-evidence/syntax/packages_security_fixtures_policy_witness_mjs.stdout
.vibe/work/I-18-security-safety-hooks-policy/I-18A-security-policy-package/third-fix-evidence/syntax/packages_security_fixtures_real-boundary_cli-package-context-import_witness_mjs.exit
.vibe/work/I-18-security-safety-hooks-policy/I-18A-security-policy-package/third-fix-evidence/syntax/packages_security_fixtures_real-boundary_cli-package-context-import_witness_mjs.stderr
.vibe/work/I-18-security-safety-hooks-policy/I-18A-security-policy-package/third-fix-evidence/syntax/packages_security_fixtures_real-boundary_cli-package-context-import_witness_mjs.stdout
.vibe/work/I-18-security-safety-hooks-policy/I-18A-security-policy-package/third-fix-evidence/syntax/packages_security_fixtures_real-boundary_package-api_witness_mjs.exit
.vibe/work/I-18-security-safety-hooks-policy/I-18A-security-policy-package/third-fix-evidence/syntax/packages_security_fixtures_real-boundary_package-api_witness_mjs.stderr
.vibe/work/I-18-security-safety-hooks-policy/I-18A-security-policy-package/third-fix-evidence/syntax/packages_security_fixtures_real-boundary_package-api_witness_mjs.stdout
.vibe/work/I-18-security-safety-hooks-policy/I-18A-security-policy-package/third-fix-evidence/syntax/packages_security_fixtures_redaction_witness_mjs.exit
.vibe/work/I-18-security-safety-hooks-policy/I-18A-security-policy-package/third-fix-evidence/syntax/packages_security_fixtures_redaction_witness_mjs.stderr
.vibe/work/I-18-security-safety-hooks-policy/I-18A-security-policy-package/third-fix-evidence/syntax/packages_security_fixtures_redaction_witness_mjs.stdout
.vibe/work/I-18-security-safety-hooks-policy/I-18A-security-policy-package/third-fix-evidence/syntax/packages_security_src_index_js.exit
.vibe/work/I-18-security-safety-hooks-policy/I-18A-security-policy-package/third-fix-evidence/syntax/packages_security_src_index_js.stderr
.vibe/work/I-18-security-safety-hooks-policy/I-18A-security-policy-package/third-fix-evidence/syntax/packages_security_src_index_js.stdout
.vibe/work/I-18-security-safety-hooks-policy/I-18A-security-policy-package/third-fix-evidence/witnesses/contracts-witness.exit
.vibe/work/I-18-security-safety-hooks-policy/I-18A-security-policy-package/third-fix-evidence/witnesses/contracts-witness.stderr
.vibe/work/I-18-security-safety-hooks-policy/I-18A-security-policy-package/third-fix-evidence/witnesses/contracts-witness.stdout
.vibe/work/I-18-security-safety-hooks-policy/I-18A-security-policy-package/third-fix-evidence/witnesses/policy-witness.exit
.vibe/work/I-18-security-safety-hooks-policy/I-18A-security-policy-package/third-fix-evidence/witnesses/policy-witness.stderr
.vibe/work/I-18-security-safety-hooks-policy/I-18A-security-policy-package/third-fix-evidence/witnesses/policy-witness.stdout
.vibe/work/I-18-security-safety-hooks-policy/I-18A-security-policy-package/third-fix-evidence/witnesses/redaction-witness.exit
.vibe/work/I-18-security-safety-hooks-policy/I-18A-security-policy-package/third-fix-evidence/witnesses/redaction-witness.stderr
.vibe/work/I-18-security-safety-hooks-policy/I-18A-security-policy-package/third-fix-evidence/witnesses/redaction-witness.stdout
.vibe/work/I-18-security-safety-hooks-policy/I-18A-security-policy-package/validation-evidence/blast-radius/sibling-sweep.txt
.vibe/work/I-18-security-safety-hooks-policy/I-18A-security-policy-package/validation-evidence/contracts/source-function-lines.txt
.vibe/work/I-18-security-safety-hooks-policy/I-18A-security-policy-package/validation-evidence/diff/path-scoped-diff-name-status.txt
.vibe/work/I-18-security-safety-hooks-policy/I-18A-security-policy-package/validation-evidence/diff/path-scoped-diff.patch
.vibe/work/I-18-security-safety-hooks-policy/I-18A-security-policy-package/validation-evidence/final/final-dirty-tree-proof.txt
.vibe/work/I-18-security-safety-hooks-policy/I-18A-security-policy-package/validation-evidence/inventory/owned-paths.txt
.vibe/work/I-18-security-safety-hooks-policy/I-18A-security-policy-package/validation-evidence/negative/adversarial-security-witness-summary.json
.vibe/work/I-18-security-safety-hooks-policy/I-18A-security-policy-package/validation-evidence/negative/adversarial-security-witness.exit
.vibe/work/I-18-security-safety-hooks-policy/I-18A-security-policy-package/validation-evidence/negative/adversarial-security-witness.mjs
.vibe/work/I-18-security-safety-hooks-policy/I-18A-security-policy-package/validation-evidence/negative/adversarial-security-witness.stderr
.vibe/work/I-18-security-safety-hooks-policy/I-18A-security-policy-package/validation-evidence/negative/adversarial-security-witness.stdout
.vibe/work/I-18-security-safety-hooks-policy/I-18A-security-policy-package/validation-evidence/package-checks/node-checks.txt
.vibe/work/I-18-security-safety-hooks-policy/I-18A-security-policy-package/validation-evidence/real-boundary/cli-context-import.txt
.vibe/work/I-18-security-safety-hooks-policy/I-18A-security-policy-package/validation-evidence/real-boundary/package-context-import.txt
.vibe/work/I-18-security-safety-hooks-policy/I-18A-security-policy-package/validation-evidence/redaction/sentinel-scan.txt
.vibe/work/I-18-security-safety-hooks-policy/I-18A-security-policy-package/validation-evidence/regression/default-security-command.txt
.vibe/work/I-18-security-safety-hooks-policy/I-18A-security-policy-package/validation-evidence/regression/default-security-result.json
.vibe/work/I-18-security-safety-hooks-policy/I-18A-security-policy-package/validation-evidence/regression/forbidden-surface-scan.txt
.vibe/work/I-18-security-safety-hooks-policy/I-18A-security-policy-package/validation-evidence/regression/top-level-testing-dependency-sweep.exit
.vibe/work/I-18-security-safety-hooks-policy/I-18A-security-policy-package/validation-evidence/regression/top-level-testing-dependency-sweep.txt
.vibe/work/I-18-security-safety-hooks-policy/I-18A-security-policy-package/validation-evidence/regression/unauthorized-surface-regression.txt
.vibe/work/I-18-security-safety-hooks-policy/I-18A-security-policy-package/validation-evidence/status/git-status-short.txt
packages/security/fixtures/contracts/witness.mjs
packages/security/fixtures/policy/fifth-fix-command-carriers/matrix.json
packages/security/fixtures/policy/fifth-fix-command-carriers/safe-label.txt
packages/security/fixtures/policy/fifth-fix-command-carriers/witness.mjs
packages/security/fixtures/policy/fourth-fix-command-carriers/argv-adjacent-api-key.json
packages/security/fixtures/policy/fourth-fix-command-carriers/embedded-api-key-flag.json
packages/security/fixtures/policy/fourth-fix-command-carriers/embedded-api-key-inline.json
packages/security/fixtures/policy/fourth-fix-command-carriers/positive-safe-argv.json
packages/security/fixtures/policy/fourth-fix-command-carriers/split-api-key-value.json
packages/security/fixtures/policy/fourth-fix-command-carriers/split-client-secret-value.json
packages/security/fixtures/policy/fourth-fix-command-carriers/witness.mjs
packages/security/fixtures/policy/witness.mjs
packages/security/fixtures/real-boundary/cli-package-context-import/witness.mjs
packages/security/fixtures/real-boundary/fifth-fix-command-carrier-contexts.mjs
packages/security/fixtures/real-boundary/package-api/witness.mjs
packages/security/fixtures/redaction/witness.mjs
packages/security/package.json
packages/security/src/index.js
__EXIT_CODE__:0
