{
  "cwd": "/Users/lizavasilyeva/work/vibe-engineer/packages/registry",
  "artifactKindsLength": 10,
  "loadSchemaType": "function",
  "validateArtifactFileType": "function",
  "schemaIds": {
    "work_brief": "https://schemas.vibe-engineer.dev/artifacts/v1/work-brief.schema.json",
    "implementation_plan": "https://schemas.vibe-engineer.dev/artifacts/v1/implementation-plan.schema.json",
    "verification_delta": "https://schemas.vibe-engineer.dev/artifacts/v1/verification-delta.schema.json",
    "build_result": "https://schemas.vibe-engineer.dev/artifacts/v1/build-result.schema.json",
    "ship_packet": "https://schemas.vibe-engineer.dev/artifacts/v1/ship-packet.schema.json",
    "evidence_packet": "https://schemas.vibe-engineer.dev/artifacts/v1/evidence-packet.schema.json",
    "agent_registry_entry": "https://schemas.vibe-engineer.dev/artifacts/v1/agent-registry-entry.schema.json",
    "context_file_header": "https://schemas.vibe-engineer.dev/artifacts/v1/context-file-header.schema.json",
    "schematic_manifest": "https://schemas.vibe-engineer.dev/artifacts/v1/schematic-manifest.schema.json",
    "skill_manifest": "https://schemas.vibe-engineer.dev/artifacts/v1/skill-manifest.schema.json"
  },
  "workBriefId": "https://schemas.vibe-engineer.dev/artifacts/v1/work-brief.schema.json",
  "agentRegistryEntryId": "https://schemas.vibe-engineer.dev/artifacts/v1/agent-registry-entry.schema.json"
}
