## git diff shared/protected paths
git_diff_exit=0
## existence checks
absent:packages/cli/src/commands/security
absent:examples/starter-reference/generated-fixtures/security
absent:.github
absent:scripts
absent:infra
## manifest package-manager snippets
{
  "package.json": {
    "name": "@vibe-engineer/workspace",
    "packageManager": "pnpm@10.33.0",
    "dependencies": {},
    "devDependencies": {
      "@eslint/js": "9.39.1",
      "eslint": "9.39.1",
      "prettier": "3.8.4",
      "turbo": "2.9.18",
      "typescript": "5.9.3",
      "typescript-eslint": "8.62.0"
    },
    "exports": null
  },
  "packages/security/package.json": {
    "name": "@vibe-engineer/security",
    "packageManager": null,
    "dependencies": {},
    "devDependencies": {},
    "exports": {
      ".": "./src/index.js"
    }
  },
  "packages/cli/package.json": {
    "name": "vibe-engineer",
    "packageManager": null,
    "dependencies": {
      "@vibe-engineer/artifacts": "workspace:*",
      "@vibe-engineer/config": "workspace:*",
      "@vibe-engineer/security": "workspace:*",
      "@vibe-engineer/verification": "workspace:*"
    },
    "devDependencies": {},
    "exports": {
      ".": "./src/entry/vibe-engineer.js",
      "./envelope": "./src/envelope/result-envelope.js",
      "./command-loader": "./src/command-loader/loader.js"
    }
  }
}
node_manifest_exit=0
