{
  "ok": false,
  "root": "/Users/lizavasilyeva/work/vibe-engineer/.vibe/work/I-00A-workspace-package-skeleton/fixtures/valid-workspace-with-artifacts-source",
  "mode": "skeleton-snapshot",
  "checkedAt": "2026-06-23T13:32:30.927Z",
  "requiredPackageCount": 18,
  "failures": [
    {
      "ok": false,
      "code": "PACKAGE_SOURCE_CREATED",
      "message": "I-00A skeleton snapshot must contain only package.json: packages/artifacts",
      "details": {
        "entries": [
          "README.md",
          "fixtures",
          "schemas",
          "src"
        ]
      }
    }
  ]
}
