packages/cli/src/commands/verify/index.ts(1,28): error TS2307: Cannot find module 'node:crypto' or its corresponding type declarations.
packages/cli/src/commands/verify/index.ts(2,66): error TS2307: Cannot find module 'node:fs' or its corresponding type declarations.
packages/cli/src/commands/verify/index.ts(3,33): error TS2307: Cannot find module 'node:fs/promises' or its corresponding type declarations.
packages/cli/src/commands/verify/index.ts(4,56): error TS2307: Cannot find module 'node:path' or its corresponding type declarations.
packages/cli/src/commands/verify/index.ts(131,5): error TS2322: Type 'string' is not assignable to type '"VE_INVALID_INVOCATION"'.
packages/cli/src/commands/verify/index.ts(132,5): error TS2322: Type 'string' is not assignable to type '"invalid_invocation"'.
packages/cli/src/commands/verify/index.ts(134,5): error TS2322: Type 'unknown' is not assignable to type '{} | undefined'.
packages/cli/src/commands/verify/index.ts(222,26): error TS2345: Argument of type 'string | null' is not assignable to parameter of type 'string'.
  Type 'null' is not assignable to type 'string'.
packages/cli/src/commands/verify/index.ts(223,23): error TS2345: Argument of type 'string | null' is not assignable to parameter of type 'string'.
  Type 'null' is not assignable to type 'string'.
packages/cli/src/commands/verify/index.ts(229,19): error TS2345: Argument of type 'string | null' is not assignable to parameter of type 'string'.
  Type 'null' is not assignable to type 'string'.
packages/cli/src/commands/verify/index.ts(232,66): error TS2345: Argument of type 'string | null' is not assignable to parameter of type 'string'.
  Type 'null' is not assignable to type 'string'.
packages/cli/src/commands/verify/index.ts(237,35): error TS2345: Argument of type 'string | null' is not assignable to parameter of type 'string'.
  Type 'null' is not assignable to type 'string'.
packages/cli/src/commands/verify/index.ts(351,75): error TS2322: Type 'string' is not assignable to type 'null | undefined'.
packages/cli/src/commands/verify/index.ts(351,137): error TS2322: Type 'string' is not assignable to type 'null | undefined'.
packages/cli/src/commands/verify/index.ts(387,73): error TS2322: Type '{ severity: string; code: any; classification: any; message: any; path: null; span: null; hint: null; }[]' is not assignable to type 'never[]'.
  Type '{ severity: string; code: any; classification: any; message: any; path: null; span: null; hint: null; }' is not assignable to type 'never'.
packages/cli/src/commands/verify/index.ts(387,107): error TS2322: Type 'UnknownRecord[]' is not assignable to type 'never[]'.
  Type 'UnknownRecord' is not assignable to type 'never'.
packages/cli/src/commands/verify/index.ts(397,19): error TS2322: Type '{ severity: string; code: any; classification: any; message: any; path: null; span: null; hint: null; }' is not assignable to type 'never'.
packages/cli/src/commands/verify/index.ts(398,5): error TS2322: Type 'UnknownRecord[]' is not assignable to type 'never[]'.
  Type 'UnknownRecord' is not assignable to type 'never'.
packages/cli/src/commands/verify/index.ts(399,14): error TS2322: Type '{ code: any; classification: any; retryable: boolean; blocking: boolean; message: any; details: {}; }' is not assignable to type 'never'.
packages/cli/src/commands/verify/index.ts(422,19): error TS2322: Type '{ severity: string; code: any; classification: any; message: any; path: null; span: null; hint: null; }' is not assignable to type 'never'.
packages/cli/src/commands/verify/index.ts(423,14): error TS2322: Type '{ code: any; classification: any; retryable: boolean; blocking: boolean; message: any; details: {}; }' is not assignable to type 'never'.
packages/cli/src/commands/verify/index.ts(432,19): error TS2322: Type '{ severity: string; code: any; classification: any; message: any; path: null; span: null; hint: null; }' is not assignable to type 'never'.
packages/cli/src/commands/verify/index.ts(433,14): error TS2322: Type '{ code: any; classification: any; retryable: boolean; blocking: boolean; message: any; details: {}; }' is not assignable to type 'never'.
packages/cli/src/commands/verify/index.ts(444,19): error TS2322: Type '{ severity: string; code: any; classification: any; message: any; path: null; span: null; hint: null; }' is not assignable to type 'never'.
packages/cli/src/commands/verify/index.ts(444,132): error TS2322: Type 'string' is not assignable to type 'null | undefined'.
packages/cli/src/commands/verify/index.ts(445,14): error TS2322: Type '{ code: any; classification: any; retryable: boolean; blocking: boolean; message: any; details: {}; }' is not assignable to type 'never'.
packages/cli/src/commands/verify/index.ts(457,68): error TS2322: Type 'string | null' is not assignable to type 'null | undefined'.
  Type 'string' is not assignable to type 'null | undefined'.
packages/cli/src/commands/verify/index.ts(502,21): error TS2322: Type '{ severity: string; code: any; classification: any; message: any; path: null; span: null; hint: null; }' is not assignable to type 'never'.
packages/cli/src/commands/verify/index.ts(503,16): error TS2322: Type '{ code: any; classification: any; retryable: boolean; blocking: boolean; message: any; details: {}; }' is not assignable to type 'never'.
packages/verification/src/index.js(2,16): error TS2307: Cannot find module 'node:fs' or its corresponding type declarations.
packages/verification/src/index.js(3,17): error TS2307: Cannot find module 'node:fs/promises' or its corresponding type declarations.
packages/verification/src/index.js(4,18): error TS2307: Cannot find module 'node:path' or its corresponding type declarations.
packages/verification/src/index.js(5,23): error TS2307: Cannot find module 'node:child_process' or its corresponding type declarations.
packages/verification/src/index.js(58,26): error TS2552: Cannot find name 'TextDecoder'. Did you mean 'TEXT_DECODER'?
packages/verification/src/index.js(318,76): error TS2580: Cannot find name 'process'. Do you need to install type definitions for node? Try `npm i --save-dev @types/node`.
packages/verification/src/index.js(417,43): error TS2580: Cannot find name 'process'. Do you need to install type definitions for node? Try `npm i --save-dev @types/node`.
packages/verification/src/index.js(491,13): error TS2580: Cannot find name 'Buffer'. Do you need to install type definitions for node? Try `npm i --save-dev @types/node`.
packages/verification/src/index.js(493,30): error TS2580: Cannot find name 'Buffer'. Do you need to install type definitions for node? Try `npm i --save-dev @types/node`.
packages/verification/src/index.js(553,14): error TS2580: Cannot find name 'Buffer'. Do you need to install type definitions for node? Try `npm i --save-dev @types/node`.
packages/verification/src/index.js(554,14): error TS2580: Cannot find name 'Buffer'. Do you need to install type definitions for node? Try `npm i --save-dev @types/node`.
packages/verification/src/index.js(568,19): error TS2304: Cannot find name 'setTimeout'.
packages/verification/src/index.js(571,7): error TS2304: Cannot find name 'setTimeout'.
packages/verification/src/index.js(573,66): error TS2304: Cannot find name 'clearTimeout'.
packages/verification/src/index.js(575,22): error TS2580: Cannot find name 'Buffer'. Do you need to install type definitions for node? Try `npm i --save-dev @types/node`.
packages/verification/src/index.js(585,22): error TS2580: Cannot find name 'Buffer'. Do you need to install type definitions for node? Try `npm i --save-dev @types/node`.
packages/verification/src/index.js(594,96): error TS2304: Cannot find name 'clearTimeout'.
packages/verification/src/index.js(600,59): error TS2580: Cannot find name 'Buffer'. Do you need to install type definitions for node? Try `npm i --save-dev @types/node`.
packages/verification/src/index.js(600,87): error TS2580: Cannot find name 'Buffer'. Do you need to install type definitions for node? Try `npm i --save-dev @types/node`.
